Using pre-set license
Built from '2020.3/release' branch; Version is '2020.3.15f2 (6cf78cb77498) revision 7141260'; Using compiler version '192528614'; Build Type 'Release'
OS: 'Windows 10 Home Single Language; OS build 22000.675; Version 2009; 64bit' Language: 'en' Physical Memory: 8068 MB
BatchMode: 1, IsHumanControllingUs: 0, StartBugReporterOnCrash: 0, Is64bit: 1, IsPro: 0

 COMMAND LINE ARGUMENTS:
C:\Program Files\Unity\Hub\Editor\2020.3.15f2\Editor\Unity.exe
-adb2
-batchMode
-noUpm
-name
AssetImportWorker0
-projectPath
B:/Unity_Projects/Third Person Shooter
-logFile
Logs/AssetImportWorker0.log
-srvPort
56062
Successfully changed project path to: B:/Unity_Projects/Third Person Shooter
B:/Unity_Projects/Third Person Shooter
Using Asset Import Pipeline V2.
Refreshing native plugins compatible for Editor in 131.82 ms, found 4 plugins.
Preloading 0 native plugins for Editor in 0.00 ms.
Initialize engine version: 2020.3.15f2 (6cf78cb77498)
[Subsystems] Discovering subsystems at path C:/Program Files/Unity/Hub/Editor/2020.3.15f2/Editor/Data/Resources/UnitySubsystems
[Subsystems] Discovering subsystems at path B:/Unity_Projects/Third Person Shooter/Assets
GfxDevice: creating device client; threaded=0
Direct3D:
    Version:  Direct3D 11.0 [level 11.1]
    Renderer: Intel(R) UHD Graphics (ID=0x9b41)
    Vendor:   
    VRAM:     4034 MB
    Driver:   27.20.100.8935
Initialize mono
Mono path[0] = 'C:/Program Files/Unity/Hub/Editor/2020.3.15f2/Editor/Data/Managed'
Mono path[1] = 'C:/Program Files/Unity/Hub/Editor/2020.3.15f2/Editor/Data/MonoBleedingEdge/lib/mono/unityjit'
Mono config path = 'C:/Program Files/Unity/Hub/Editor/2020.3.15f2/Editor/Data/MonoBleedingEdge/etc'
Using monoOptions --debugger-agent=transport=dt_socket,embedding=1,server=y,suspend=n,address=127.0.0.1:56888
Begin MonoManager ReloadAssembly
Registering precompiled unity dll's ...
Register platform support module: C:/Program Files/Unity/Hub/Editor/2020.3.15f2/Editor/Data/PlaybackEngines/WebGLSupport/UnityEditor.WebGL.Extensions.dll
Register platform support module: C:/Program Files/Unity/Hub/Editor/2020.3.15f2/Editor/Data/PlaybackEngines/MacStandaloneSupport/UnityEditor.OSXStandalone.Extensions.dll
Register platform support module: C:/Program Files/Unity/Hub/Editor/2020.3.15f2/Editor/Data/PlaybackEngines/WindowsStandaloneSupport/UnityEditor.WindowsStandalone.Extensions.dll
Register platform support module: C:/Program Files/Unity/Hub/Editor/2020.3.15f2/Editor/Data/PlaybackEngines/LinuxStandaloneSupport/UnityEditor.LinuxStandalone.Extensions.dll
Register platform support module: C:/Program Files/Unity/Hub/Editor/2020.3.15f2/Editor/Data/PlaybackEngines/LuminSupport/UnityEditor.Lumin.Extensions.dll
Registered in 0.002502 seconds.
Native extension for Lumin target not found
Native extension for LinuxStandalone target not found
Native extension for WindowsStandalone target not found
Native extension for OSXStandalone target not found
Native extension for WebGL target not found
Refreshing native plugins compatible for Editor in 86.28 ms, found 4 plugins.
Preloading 0 native plugins for Editor in 0.00 ms.
Mono: successfully reloaded assembly
- Completed reload, in  5.469 seconds
Domain Reload Profiling:
	ReloadAssembly (5470ms)
		BeginReloadAssembly (49ms)
			ExecutionOrderSort (0ms)
			DisableScriptedObjects (0ms)
			BackupInstance (0ms)
			ReleaseScriptingObjects (0ms)
			CreateAndSetChildDomain (1ms)
		EndReloadAssembly (555ms)
			LoadAssemblies (48ms)
			RebuildTransferFunctionScriptingTraits (0ms)
			SetupTypeCache (201ms)
			ReleaseScriptCaches (0ms)
			RebuildScriptCaches (32ms)
			SetupLoadedEditorAssemblies (236ms)
				LogAssemblyErrors (0ms)
				InitializePlatformSupportModulesInManaged (7ms)
				SetLoadedEditorAssemblies (0ms)
				RefreshPlugins (86ms)
				BeforeProcessingInitializeOnLoad (10ms)
				ProcessInitializeOnLoadAttributes (106ms)
				ProcessInitializeOnLoadMethodAttributes (26ms)
				AfterProcessingInitializeOnLoad (0ms)
				EditorAssembliesLoaded (0ms)
			ExecutionOrderSort2 (0ms)
			AwakeInstancesAfterBackupRestoration (0ms)
Platform modules already initialized, skipping
Registering precompiled user dll's ...
Registered in 0.002312 seconds.
Begin MonoManager ReloadAssembly
Native extension for Lumin target not found
Native extension for LinuxStandalone target not found
Native extension for WindowsStandalone target not found
Native extension for OSXStandalone target not found
Native extension for WebGL target not found
Refreshing native plugins compatible for Editor in 87.84 ms, found 4 plugins.
Preloading 0 native plugins for Editor in 0.00 ms.
Mono: successfully reloaded assembly
- Completed reload, in  1.993 seconds
Domain Reload Profiling:
	ReloadAssembly (1994ms)
		BeginReloadAssembly (135ms)
			ExecutionOrderSort (0ms)
			DisableScriptedObjects (4ms)
			BackupInstance (0ms)
			ReleaseScriptingObjects (0ms)
			CreateAndSetChildDomain (19ms)
		EndReloadAssembly (1795ms)
			LoadAssemblies (79ms)
			RebuildTransferFunctionScriptingTraits (0ms)
			SetupTypeCache (302ms)
			ReleaseScriptCaches (1ms)
			RebuildScriptCaches (60ms)
			SetupLoadedEditorAssemblies (1228ms)
				LogAssemblyErrors (0ms)
				InitializePlatformSupportModulesInManaged (13ms)
				SetLoadedEditorAssemblies (0ms)
				RefreshPlugins (88ms)
				BeforeProcessingInitializeOnLoad (91ms)
				ProcessInitializeOnLoadAttributes (1019ms)
				ProcessInitializeOnLoadMethodAttributes (13ms)
				AfterProcessingInitializeOnLoad (4ms)
				EditorAssembliesLoaded (0ms)
			ExecutionOrderSort2 (0ms)
			AwakeInstancesAfterBackupRestoration (8ms)
Platform modules already initialized, skipping
========================================================================
Worker process is ready to serve import requests
Launched and connected shader compiler UnityShaderCompiler.exe after 0.04 seconds
Refreshing native plugins compatible for Editor in 1.21 ms, found 4 plugins.
Preloading 0 native plugins for Editor in 0.00 ms.
Unloading 2761 Unused Serialized files (Serialized files now loaded: 0)
System memory in use before: 215.1 MB.
System memory in use after: 215.3 MB.

Unloading 45 unused Assets to reduce memory usage. Loaded Objects now: 3232.
Total: 3.051600 ms (FindLiveObjects: 0.263300 ms CreateObjectMapping: 0.115600 ms MarkObjects: 2.554400 ms  DeleteObjects: 0.117200 ms)

AssetImportParameters requested are different than current active one (requested -> active):
  custom:framework-win-MediaFoundation: 216162199b28c13a410421893ffa2e32 -> 
  custom:video-decoder-ogg-theora: a1e56fd34408186e4bbccfd4996cb3dc -> 
  custom:container-muxer-webm: aa71ff27fc2769a1b78a27578f13a17b -> 
  custom:container-demuxer-webm: 4f35f7cbe854078d1ac9338744f61a02 -> 
  custom:container-demuxer-ogg: 62fdf1f143b41e24485cea50d1cbac27 -> 
  custom:video-encoder-webm-vp8: eb34c28f22e8b96e1ab97ce403110664 -> 
  custom:video-codec-MediaFoundation-h265: 746d11721c4dcdbdad8f713fa42b33f4 -> 
  custom:video-decoder-webm-vp8: 9c59270c3fd7afecdb556c50c9e8de78 -> 
  custom:audio-decoder-ogg-vorbis: bf7c407c2cedff20999df2af8eb42d56 -> 
  custom:audio-encoder-webm-vorbis: bf7c407c2cedff20999df2af8eb42d56 -> 
========================================================================
Received Import Request.
  path: Assets/baponkar_Third_Person_Shooter/Image
  artifactKey: Guid(334fb4aab00c62b49afcb380900d96ee) Importer(815301076,1909f56bfc062723c751e8b465ee728b)
Start importing Assets/baponkar_Third_Person_Shooter/Image using Guid(334fb4aab00c62b49afcb380900d96ee) Importer(815301076,1909f56bfc062723c751e8b465ee728b)  -> (artifact id: 'bd51393c4a2a32806a084b7749b7623b') in 0.011146 seconds 
  Import took 0.017372 seconds .

========================================================================
Received Import Request.
  Time since last request: 28.763348 seconds.
  path: Assets/baponkar_Third_Person_Shooter/Scene/Test Scene.unity
  artifactKey: Guid(3cf39d9d899ede04ab38458a73e338ed) Importer(815301076,1909f56bfc062723c751e8b465ee728b)
Start importing Assets/baponkar_Third_Person_Shooter/Scene/Test Scene.unity using Guid(3cf39d9d899ede04ab38458a73e338ed) Importer(815301076,1909f56bfc062723c751e8b465ee728b)  -> (artifact id: '4db8e506647524313959bcfd64c97e9b') in 0.018528 seconds 
  Import took 0.023741 seconds .

========================================================================
Received Import Request.
  Time since last request: 19.902306 seconds.
  path: Assets/baponkar_Third_Person_Shooter/Scene/TestScene.lighting
  artifactKey: Guid(f82f9f0b93bf99340b85800bb4ccf0e2) Importer(815301076,1909f56bfc062723c751e8b465ee728b)
Start importing Assets/baponkar_Third_Person_Shooter/Scene/TestScene.lighting using Guid(f82f9f0b93bf99340b85800bb4ccf0e2) Importer(815301076,1909f56bfc062723c751e8b465ee728b)  -> (artifact id: 'be22d1e68a1abfb6abc5b1aeb13801c4') in 0.034134 seconds 
  Import took 0.040391 seconds .

========================================================================
Received Import Request.
  Time since last request: 80.962730 seconds.
  path: Assets/baponkar_Third_Person_Shooter/Materials/Emmisive.mat
  artifactKey: Guid(aff9a29f3ec531044a491f86c590e1b7) Importer(815301076,1909f56bfc062723c751e8b465ee728b)
Start importing Assets/baponkar_Third_Person_Shooter/Materials/Emmisive.mat using Guid(aff9a29f3ec531044a491f86c590e1b7) Importer(815301076,1909f56bfc062723c751e8b465ee728b)  -> (artifact id: '4fd0bf965e30a8c6867a8e12ea92cead') in 0.215436 seconds 
  Import took 0.222845 seconds .

========================================================================
Received Import Request.
  Time since last request: 0.000256 seconds.
  path: Assets/baponkar_Third_Person_Shooter/Materials/Ground.mat
  artifactKey: Guid(53d9d7e6ceed9d24895876d875912d08) Importer(815301076,1909f56bfc062723c751e8b465ee728b)
Start importing Assets/baponkar_Third_Person_Shooter/Materials/Ground.mat using Guid(53d9d7e6ceed9d24895876d875912d08) Importer(815301076,1909f56bfc062723c751e8b465ee728b)  -> (artifact id: 'f510d5e2214a4ee8fa6f0d952c63b2b5') in 0.183767 seconds 
  Import took 0.188137 seconds .

========================================================================
Received Import Request.
  Time since last request: 0.000267 seconds.
  path: Assets/baponkar_Third_Person_Shooter/Materials/Glass_Material 1.mat
  artifactKey: Guid(7b6fcbf8cf109e64c9f76a42f4bb708d) Importer(815301076,1909f56bfc062723c751e8b465ee728b)
Start importing Assets/baponkar_Third_Person_Shooter/Materials/Glass_Material 1.mat using Guid(7b6fcbf8cf109e64c9f76a42f4bb708d) Importer(815301076,1909f56bfc062723c751e8b465ee728b)  -> (artifact id: '2289778b2d3b7aa63d955603d1fccb4b') in 0.215487 seconds 
  Import took 0.222106 seconds .

========================================================================
Received Import Request.
  Time since last request: 0.000283 seconds.
  path: Assets/baponkar_Third_Person_Shooter/Materials/Glass_Material.mat
  artifactKey: Guid(d35662140e7ed5e44988c7761f7c5118) Importer(815301076,1909f56bfc062723c751e8b465ee728b)
Start importing Assets/baponkar_Third_Person_Shooter/Materials/Glass_Material.mat using Guid(d35662140e7ed5e44988c7761f7c5118) Importer(815301076,1909f56bfc062723c751e8b465ee728b)  -> (artifact id: '225de3b4c26ddb60bcff3132ca0a0b7f') in 0.159104 seconds 
  Import took 0.162950 seconds .

========================================================================
Received Import Request.
  Time since last request: 47.875234 seconds.
  path: Assets/baponkar_Third_Person_Shooter/Prefabs/--UI--.prefab
  artifactKey: Guid(3d9c32852e11cd34d92a59b6cfb18446) Importer(815301076,1909f56bfc062723c751e8b465ee728b)
Start importing Assets/baponkar_Third_Person_Shooter/Prefabs/--UI--.prefab using Guid(3d9c32852e11cd34d92a59b6cfb18446) Importer(815301076,1909f56bfc062723c751e8b465ee728b)  -> (artifact id: '0101038094869be9b155b2764bf565ce') in 0.030869 seconds 
  Import took 0.039333 seconds .

========================================================================
Received Import Request.
  Time since last request: 0.000492 seconds.
  path: Assets/baponkar_Third_Person_Shooter/Prefabs/MainCamera.prefab
  artifactKey: Guid(8c2df20ea2673dd40888c48db99c95dc) Importer(815301076,1909f56bfc062723c751e8b465ee728b)
Start importing Assets/baponkar_Third_Person_Shooter/Prefabs/MainCamera.prefab using Guid(8c2df20ea2673dd40888c48db99c95dc) Importer(815301076,1909f56bfc062723c751e8b465ee728b)  -> (artifact id: 'e6304471d1af7243c08a83b6e99ba3d5') in 0.017771 seconds 
  Import took 0.026971 seconds .

========================================================================
Received Import Request.
  Time since last request: 0.000367 seconds.
  path: Assets/baponkar_Third_Person_Shooter/Prefabs/Player.prefab
  artifactKey: Guid(fd8e352fd24064547b1501935345b41c) Importer(815301076,1909f56bfc062723c751e8b465ee728b)
Start importing Assets/baponkar_Third_Person_Shooter/Prefabs/Player.prefab using Guid(fd8e352fd24064547b1501935345b41c) Importer(815301076,1909f56bfc062723c751e8b465ee728b)  -> (artifact id: 'a76f3e6a2a3cc3d1dd661361f47a8874') in 0.530453 seconds 
  Import took 0.538190 seconds .

========================================================================
Received Import Request.
  Time since last request: 0.000219 seconds.
  path: Assets/baponkar_Third_Person_Shooter/Prefabs/Male_02_V01.prefab
  artifactKey: Guid(63545b063e39bc94083eab1571bd013e) Importer(815301076,1909f56bfc062723c751e8b465ee728b)
Start importing Assets/baponkar_Third_Person_Shooter/Prefabs/Male_02_V01.prefab using Guid(63545b063e39bc94083eab1571bd013e) Importer(815301076,1909f56bfc062723c751e8b465ee728b)  -> (artifact id: '66eafe213ee0bd7a4a91c1ffe490ced5') in 2.646328 seconds 
  Import took 2.654224 seconds .

========================================================================
Received Import Request.
  Time since last request: 0.000467 seconds.
  path: Assets/baponkar_Third_Person_Shooter/Prefabs/Player_Follow_Free_Look_Cam.prefab
  artifactKey: Guid(5eaf612e7da8ffc4e91f3844a8de6f61) Importer(815301076,1909f56bfc062723c751e8b465ee728b)
Start importing Assets/baponkar_Third_Person_Shooter/Prefabs/Player_Follow_Free_Look_Cam.prefab using Guid(5eaf612e7da8ffc4e91f3844a8de6f61) Importer(815301076,1909f56bfc062723c751e8b465ee728b)  -> (artifact id: '2691f9010d486921e2b093b32e0842c1') in 0.059043 seconds 
  Import took 0.067208 seconds .

========================================================================
Received Import Request.
  Time since last request: 0.000287 seconds.
  path: Assets/baponkar_Third_Person_Shooter/Prefabs/Player_2.prefab
  artifactKey: Guid(c3a0efaaf64e8c6438f372e8295dcdd8) Importer(815301076,1909f56bfc062723c751e8b465ee728b)
Start importing Assets/baponkar_Third_Person_Shooter/Prefabs/Player_2.prefab using Guid(c3a0efaaf64e8c6438f372e8295dcdd8) Importer(815301076,1909f56bfc062723c751e8b465ee728b)  -> (artifact id: '4901a2fe66c5497b2f346d65725a7c63') in 0.064634 seconds 
  Import took 0.071347 seconds .

========================================================================
Received Prepare
Registering precompiled user dll's ...
Registered in 0.003432 seconds.
Begin MonoManager ReloadAssembly
Native extension for Lumin target not found
Native extension for LinuxStandalone target not found
Native extension for WindowsStandalone target not found
Native extension for OSXStandalone target not found
Native extension for WebGL target not found
Refreshing native plugins compatible for Editor in 1.02 ms, found 4 plugins.
Preloading 0 native plugins for Editor in 0.00 ms.
Mono: successfully reloaded assembly
- Completed reload, in  1.301 seconds
Domain Reload Profiling:
	ReloadAssembly (1302ms)
		BeginReloadAssembly (122ms)
			ExecutionOrderSort (0ms)
			DisableScriptedObjects (7ms)
			BackupInstance (0ms)
			ReleaseScriptingObjects (0ms)
			CreateAndSetChildDomain (36ms)
		EndReloadAssembly (1109ms)
			LoadAssemblies (90ms)
			RebuildTransferFunctionScriptingTraits (0ms)
			SetupTypeCache (311ms)
			ReleaseScriptCaches (1ms)
			RebuildScriptCaches (63ms)
			SetupLoadedEditorAssemblies (471ms)
				LogAssemblyErrors (0ms)
				InitializePlatformSupportModulesInManaged (23ms)
				SetLoadedEditorAssemblies (1ms)
				RefreshPlugins (1ms)
				BeforeProcessingInitializeOnLoad (109ms)
				ProcessInitializeOnLoadAttributes (325ms)
				ProcessInitializeOnLoadMethodAttributes (8ms)
				AfterProcessingInitializeOnLoad (4ms)
				EditorAssembliesLoaded (0ms)
			ExecutionOrderSort2 (0ms)
			AwakeInstancesAfterBackupRestoration (10ms)
Platform modules already initialized, skipping
Refreshing native plugins compatible for Editor in 0.90 ms, found 4 plugins.
Preloading 0 native plugins for Editor in 0.00 ms.
Unloading 2700 Unused Serialized files (Serialized files now loaded: 0)
System memory in use before: 213.6 MB.
System memory in use after: 213.8 MB.

Unloading 23 unused Assets to reduce memory usage. Loaded Objects now: 3288.
Total: 3.371700 ms (FindLiveObjects: 0.328500 ms CreateObjectMapping: 0.164700 ms MarkObjects: 2.810800 ms  DeleteObjects: 0.066400 ms)

AssetImportParameters requested are different than current active one (requested -> active):
  custom:framework-win-MediaFoundation: 216162199b28c13a410421893ffa2e32 -> 
  custom:video-decoder-ogg-theora: a1e56fd34408186e4bbccfd4996cb3dc -> 
  custom:container-muxer-webm: aa71ff27fc2769a1b78a27578f13a17b -> 
  custom:container-demuxer-webm: 4f35f7cbe854078d1ac9338744f61a02 -> 
  custom:container-demuxer-ogg: 62fdf1f143b41e24485cea50d1cbac27 -> 
  custom:video-encoder-webm-vp8: eb34c28f22e8b96e1ab97ce403110664 -> 
  custom:video-codec-MediaFoundation-h265: 746d11721c4dcdbdad8f713fa42b33f4 -> 
  custom:video-decoder-webm-vp8: 9c59270c3fd7afecdb556c50c9e8de78 -> 
  custom:audio-decoder-ogg-vorbis: bf7c407c2cedff20999df2af8eb42d56 -> 
  custom:audio-encoder-webm-vorbis: bf7c407c2cedff20999df2af8eb42d56 -> 
========================================================================
Received Prepare
Registering precompiled user dll's ...
Registered in 0.002345 seconds.
Begin MonoManager ReloadAssembly
Native extension for Lumin target not found
Native extension for LinuxStandalone target not found
Native extension for WindowsStandalone target not found
Native extension for OSXStandalone target not found
Native extension for WebGL target not found
Refreshing native plugins compatible for Editor in 0.72 ms, found 4 plugins.
Preloading 0 native plugins for Editor in 0.00 ms.
Mono: successfully reloaded assembly
- Completed reload, in  1.102 seconds
Domain Reload Profiling:
	ReloadAssembly (1102ms)
		BeginReloadAssembly (111ms)
			ExecutionOrderSort (0ms)
			DisableScriptedObjects (6ms)
			BackupInstance (0ms)
			ReleaseScriptingObjects (0ms)
			CreateAndSetChildDomain (38ms)
		EndReloadAssembly (931ms)
			LoadAssemblies (84ms)
			RebuildTransferFunctionScriptingTraits (0ms)
			SetupTypeCache (253ms)
			ReleaseScriptCaches (2ms)
			RebuildScriptCaches (58ms)
			SetupLoadedEditorAssemblies (415ms)
				LogAssemblyErrors (0ms)
				InitializePlatformSupportModulesInManaged (19ms)
				SetLoadedEditorAssemblies (0ms)
				RefreshPlugins (1ms)
				BeforeProcessingInitializeOnLoad (94ms)
				ProcessInitializeOnLoadAttributes (290ms)
				ProcessInitializeOnLoadMethodAttributes (7ms)
				AfterProcessingInitializeOnLoad (4ms)
				EditorAssembliesLoaded (0ms)
			ExecutionOrderSort2 (0ms)
			AwakeInstancesAfterBackupRestoration (9ms)
Platform modules already initialized, skipping
Refreshing native plugins compatible for Editor in 0.76 ms, found 4 plugins.
Preloading 0 native plugins for Editor in 0.00 ms.
Unloading 2700 Unused Serialized files (Serialized files now loaded: 0)
System memory in use before: 213.6 MB.
System memory in use after: 213.9 MB.

Unloading 20 unused Assets to reduce memory usage. Loaded Objects now: 3304.
Total: 2.950800 ms (FindLiveObjects: 0.338200 ms CreateObjectMapping: 0.124500 ms MarkObjects: 2.466700 ms  DeleteObjects: 0.020100 ms)

AssetImportParameters requested are different than current active one (requested -> active):
  custom:framework-win-MediaFoundation: 216162199b28c13a410421893ffa2e32 -> 
  custom:video-decoder-ogg-theora: a1e56fd34408186e4bbccfd4996cb3dc -> 
  custom:container-muxer-webm: aa71ff27fc2769a1b78a27578f13a17b -> 
  custom:container-demuxer-webm: 4f35f7cbe854078d1ac9338744f61a02 -> 
  custom:container-demuxer-ogg: 62fdf1f143b41e24485cea50d1cbac27 -> 
  custom:video-encoder-webm-vp8: eb34c28f22e8b96e1ab97ce403110664 -> 
  custom:video-codec-MediaFoundation-h265: 746d11721c4dcdbdad8f713fa42b33f4 -> 
  custom:video-decoder-webm-vp8: 9c59270c3fd7afecdb556c50c9e8de78 -> 
  custom:audio-decoder-ogg-vorbis: bf7c407c2cedff20999df2af8eb42d56 -> 
  custom:audio-encoder-webm-vorbis: bf7c407c2cedff20999df2af8eb42d56 -> 
========================================================================
Received Import Request.
  Time since last request: 5340.753761 seconds.
  path: Assets/baponkar_Third_Person_Shooter/Scene/SampleScene.unity
  artifactKey: Guid(cf287204c3630414db6e081e188a74bb) Importer(815301076,1909f56bfc062723c751e8b465ee728b)
Start importing Assets/baponkar_Third_Person_Shooter/Scene/SampleScene.unity using Guid(cf287204c3630414db6e081e188a74bb) Importer(815301076,1909f56bfc062723c751e8b465ee728b)  -> (artifact id: 'aeea414a55c23d8c62a25eaceed5f6ee') in 0.018136 seconds 
  Import took 0.023711 seconds .

========================================================================
Received Import Request.
  Time since last request: 2.291651 seconds.
  path: Assets/baponkar_Third_Person_Shooter/Scene/SampleScene.unity
  artifactKey: Guid(cf287204c3630414db6e081e188a74bb) Importer(815301076,1909f56bfc062723c751e8b465ee728b)
Start importing Assets/baponkar_Third_Person_Shooter/Scene/SampleScene.unity using Guid(cf287204c3630414db6e081e188a74bb) Importer(815301076,1909f56bfc062723c751e8b465ee728b)  -> (artifact id: 'aeea414a55c23d8c62a25eaceed5f6ee') in 0.002585 seconds 
  Import took 0.033976 seconds .

========================================================================
Received Prepare
Registering precompiled user dll's ...
Registered in 0.002185 seconds.
Begin MonoManager ReloadAssembly
Native extension for Lumin target not found
Native extension for LinuxStandalone target not found
Native extension for WindowsStandalone target not found
Native extension for OSXStandalone target not found
Native extension for WebGL target not found
Refreshing native plugins compatible for Editor in 0.84 ms, found 4 plugins.
Preloading 0 native plugins for Editor in 0.00 ms.
Mono: successfully reloaded assembly
- Completed reload, in  1.124 seconds
Domain Reload Profiling:
	ReloadAssembly (1125ms)
		BeginReloadAssembly (129ms)
			ExecutionOrderSort (0ms)
			DisableScriptedObjects (6ms)
			BackupInstance (0ms)
			ReleaseScriptingObjects (0ms)
			CreateAndSetChildDomain (53ms)
		EndReloadAssembly (936ms)
			LoadAssemblies (81ms)
			RebuildTransferFunctionScriptingTraits (0ms)
			SetupTypeCache (286ms)
			ReleaseScriptCaches (1ms)
			RebuildScriptCaches (51ms)
			SetupLoadedEditorAssemblies (385ms)
				LogAssemblyErrors (0ms)
				InitializePlatformSupportModulesInManaged (17ms)
				SetLoadedEditorAssemblies (0ms)
				RefreshPlugins (1ms)
				BeforeProcessingInitializeOnLoad (90ms)
				ProcessInitializeOnLoadAttributes (267ms)
				ProcessInitializeOnLoadMethodAttributes (7ms)
				AfterProcessingInitializeOnLoad (4ms)
				EditorAssembliesLoaded (0ms)
			ExecutionOrderSort2 (0ms)
			AwakeInstancesAfterBackupRestoration (13ms)
Platform modules already initialized, skipping
Refreshing native plugins compatible for Editor in 0.80 ms, found 4 plugins.
Preloading 0 native plugins for Editor in 0.00 ms.
Unloading 2700 Unused Serialized files (Serialized files now loaded: 0)
System memory in use before: 213.7 MB.
System memory in use after: 213.9 MB.

Unloading 20 unused Assets to reduce memory usage. Loaded Objects now: 3320.
Total: 4.246200 ms (FindLiveObjects: 0.406100 ms CreateObjectMapping: 0.114600 ms MarkObjects: 3.683100 ms  DeleteObjects: 0.040800 ms)

AssetImportParameters requested are different than current active one (requested -> active):
  custom:framework-win-MediaFoundation: 216162199b28c13a410421893ffa2e32 -> 
  custom:video-decoder-ogg-theora: a1e56fd34408186e4bbccfd4996cb3dc -> 
  custom:container-muxer-webm: aa71ff27fc2769a1b78a27578f13a17b -> 
  custom:container-demuxer-webm: 4f35f7cbe854078d1ac9338744f61a02 -> 
  custom:container-demuxer-ogg: 62fdf1f143b41e24485cea50d1cbac27 -> 
  custom:video-encoder-webm-vp8: eb34c28f22e8b96e1ab97ce403110664 -> 
  custom:video-codec-MediaFoundation-h265: 746d11721c4dcdbdad8f713fa42b33f4 -> 
  custom:video-decoder-webm-vp8: 9c59270c3fd7afecdb556c50c9e8de78 -> 
  custom:audio-decoder-ogg-vorbis: bf7c407c2cedff20999df2af8eb42d56 -> 
  custom:audio-encoder-webm-vorbis: bf7c407c2cedff20999df2af8eb42d56 -> 
========================================================================
Received Import Request.
  Time since last request: 13.528565 seconds.
  path: Assets/baponkar_Third_Person_Shooter/Scene/Test Scene.unity
  artifactKey: Guid(3cf39d9d899ede04ab38458a73e338ed) Importer(815301076,1909f56bfc062723c751e8b465ee728b)
Start importing Assets/baponkar_Third_Person_Shooter/Scene/Test Scene.unity using Guid(3cf39d9d899ede04ab38458a73e338ed) Importer(815301076,1909f56bfc062723c751e8b465ee728b)  -> (artifact id: '730225a9f47a4f67d55ee9b72be2d84c') in 0.012054 seconds 
  Import took 0.017657 seconds .

========================================================================
Received Prepare
Registering precompiled user dll's ...
Registered in 0.001997 seconds.
Begin MonoManager ReloadAssembly
Native extension for Lumin target not found
Native extension for LinuxStandalone target not found
Native extension for WindowsStandalone target not found
Native extension for OSXStandalone target not found
Native extension for WebGL target not found
Refreshing native plugins compatible for Editor in 0.81 ms, found 4 plugins.
Preloading 0 native plugins for Editor in 0.00 ms.
Mono: successfully reloaded assembly
- Completed reload, in  1.122 seconds
Domain Reload Profiling:
	ReloadAssembly (1122ms)
		BeginReloadAssembly (110ms)
			ExecutionOrderSort (0ms)
			DisableScriptedObjects (6ms)
			BackupInstance (0ms)
			ReleaseScriptingObjects (0ms)
			CreateAndSetChildDomain (34ms)
		EndReloadAssembly (958ms)
			LoadAssemblies (73ms)
			RebuildTransferFunctionScriptingTraits (0ms)
			SetupTypeCache (235ms)
			ReleaseScriptCaches (1ms)
			RebuildScriptCaches (45ms)
			SetupLoadedEditorAssemblies (463ms)
				LogAssemblyErrors (0ms)
				InitializePlatformSupportModulesInManaged (18ms)
				SetLoadedEditorAssemblies (0ms)
				RefreshPlugins (1ms)
				BeforeProcessingInitializeOnLoad (96ms)
				ProcessInitializeOnLoadAttributes (334ms)
				ProcessInitializeOnLoadMethodAttributes (9ms)
				AfterProcessingInitializeOnLoad (5ms)
				EditorAssembliesLoaded (0ms)
			ExecutionOrderSort2 (0ms)
			AwakeInstancesAfterBackupRestoration (15ms)
Platform modules already initialized, skipping
Refreshing native plugins compatible for Editor in 0.69 ms, found 4 plugins.
Preloading 0 native plugins for Editor in 0.00 ms.
Unloading 2700 Unused Serialized files (Serialized files now loaded: 0)
System memory in use before: 213.7 MB.
System memory in use after: 214.0 MB.

Unloading 20 unused Assets to reduce memory usage. Loaded Objects now: 3336.
Total: 4.043800 ms (FindLiveObjects: 0.272600 ms CreateObjectMapping: 0.110100 ms MarkObjects: 3.639800 ms  DeleteObjects: 0.020100 ms)

AssetImportParameters requested are different than current active one (requested -> active):
  custom:framework-win-MediaFoundation: 216162199b28c13a410421893ffa2e32 -> 
  custom:video-decoder-ogg-theora: a1e56fd34408186e4bbccfd4996cb3dc -> 
  custom:container-muxer-webm: aa71ff27fc2769a1b78a27578f13a17b -> 
  custom:container-demuxer-webm: 4f35f7cbe854078d1ac9338744f61a02 -> 
  custom:container-demuxer-ogg: 62fdf1f143b41e24485cea50d1cbac27 -> 
  custom:video-encoder-webm-vp8: eb34c28f22e8b96e1ab97ce403110664 -> 
  custom:video-codec-MediaFoundation-h265: 746d11721c4dcdbdad8f713fa42b33f4 -> 
  custom:video-decoder-webm-vp8: 9c59270c3fd7afecdb556c50c9e8de78 -> 
  custom:audio-decoder-ogg-vorbis: bf7c407c2cedff20999df2af8eb42d56 -> 
  custom:audio-encoder-webm-vorbis: bf7c407c2cedff20999df2af8eb42d56 -> 
========================================================================
Received Prepare
Registering precompiled user dll's ...
Registered in 0.002075 seconds.
Begin MonoManager ReloadAssembly
Native extension for Lumin target not found
Native extension for LinuxStandalone target not found
Native extension for WindowsStandalone target not found
Native extension for OSXStandalone target not found
Native extension for WebGL target not found
Refreshing native plugins compatible for Editor in 0.80 ms, found 4 plugins.
Preloading 0 native plugins for Editor in 0.00 ms.
Mono: successfully reloaded assembly
- Completed reload, in  1.046 seconds
Domain Reload Profiling:
	ReloadAssembly (1046ms)
		BeginReloadAssembly (100ms)
			ExecutionOrderSort (0ms)
			DisableScriptedObjects (7ms)
			BackupInstance (0ms)
			ReleaseScriptingObjects (0ms)
			CreateAndSetChildDomain (31ms)
		EndReloadAssembly (880ms)
			LoadAssemblies (77ms)
			RebuildTransferFunctionScriptingTraits (0ms)
			SetupTypeCache (244ms)
			ReleaseScriptCaches (1ms)
			RebuildScriptCaches (46ms)
			SetupLoadedEditorAssemblies (390ms)
				LogAssemblyErrors (0ms)
				InitializePlatformSupportModulesInManaged (17ms)
				SetLoadedEditorAssemblies (0ms)
				RefreshPlugins (1ms)
				BeforeProcessingInitializeOnLoad (85ms)
				ProcessInitializeOnLoadAttributes (276ms)
				ProcessInitializeOnLoadMethodAttributes (7ms)
				AfterProcessingInitializeOnLoad (4ms)
				EditorAssembliesLoaded (0ms)
			ExecutionOrderSort2 (0ms)
			AwakeInstancesAfterBackupRestoration (11ms)
Platform modules already initialized, skipping
Refreshing native plugins compatible for Editor in 0.79 ms, found 4 plugins.
Preloading 0 native plugins for Editor in 0.00 ms.
Unloading 2700 Unused Serialized files (Serialized files now loaded: 0)
System memory in use before: 213.7 MB.
System memory in use after: 213.9 MB.

Unloading 20 unused Assets to reduce memory usage. Loaded Objects now: 3352.
Total: 3.801400 ms (FindLiveObjects: 0.317000 ms CreateObjectMapping: 0.127500 ms MarkObjects: 3.334200 ms  DeleteObjects: 0.021300 ms)

AssetImportParameters requested are different than current active one (requested -> active):
  custom:framework-win-MediaFoundation: 216162199b28c13a410421893ffa2e32 -> 
  custom:video-decoder-ogg-theora: a1e56fd34408186e4bbccfd4996cb3dc -> 
  custom:container-muxer-webm: aa71ff27fc2769a1b78a27578f13a17b -> 
  custom:container-demuxer-webm: 4f35f7cbe854078d1ac9338744f61a02 -> 
  custom:container-demuxer-ogg: 62fdf1f143b41e24485cea50d1cbac27 -> 
  custom:video-encoder-webm-vp8: eb34c28f22e8b96e1ab97ce403110664 -> 
  custom:video-codec-MediaFoundation-h265: 746d11721c4dcdbdad8f713fa42b33f4 -> 
  custom:video-decoder-webm-vp8: 9c59270c3fd7afecdb556c50c9e8de78 -> 
  custom:audio-decoder-ogg-vorbis: bf7c407c2cedff20999df2af8eb42d56 -> 
  custom:audio-encoder-webm-vorbis: bf7c407c2cedff20999df2af8eb42d56 -> 
========================================================================
Received Import Request.
  Time since last request: 198.129207 seconds.
  path: Assets/Assets_external/Low Poly Guns/Models/Guns/assault1 1
  artifactKey: Guid(077f0da315b535c42a6c3efe909389ab) Importer(815301076,1909f56bfc062723c751e8b465ee728b)
Start importing Assets/Assets_external/Low Poly Guns/Models/Guns/assault1 1 using Guid(077f0da315b535c42a6c3efe909389ab) Importer(815301076,1909f56bfc062723c751e8b465ee728b)  -> (artifact id: '7c2004abb613781e7faa7e2a236a343b') in 0.013621 seconds 
  Import took 0.022457 seconds .

========================================================================
Received Import Request.
  Time since last request: 0.002795 seconds.
  path: Assets/Assets_external/Low Poly Guns/Models/Guns/assault1 1
  artifactKey: Guid(077f0da315b535c42a6c3efe909389ab) Importer(815301076,1909f56bfc062723c751e8b465ee728b)
Start importing Assets/Assets_external/Low Poly Guns/Models/Guns/assault1 1 using Guid(077f0da315b535c42a6c3efe909389ab) Importer(815301076,1909f56bfc062723c751e8b465ee728b)  -> (artifact id: '7c2004abb613781e7faa7e2a236a343b') in 0.003614 seconds 
  Import took 0.011198 seconds .

========================================================================
Received Import Request.
  Time since last request: 24.717423 seconds.
  path: Assets/Assets_external/Low Poly Guns/Models/Guns/pistol1 1
  artifactKey: Guid(2d7f2c79466176b4dab41dd820cfdb15) Importer(815301076,1909f56bfc062723c751e8b465ee728b)
Start importing Assets/Assets_external/Low Poly Guns/Models/Guns/pistol1 1 using Guid(2d7f2c79466176b4dab41dd820cfdb15) Importer(815301076,1909f56bfc062723c751e8b465ee728b)  -> (artifact id: '5e4281394a5209cd848319a1213dd35d') in 0.009837 seconds 
  Import took 0.017612 seconds .

========================================================================
Received Prepare
Registering precompiled user dll's ...
Registered in 0.002613 seconds.
Begin MonoManager ReloadAssembly
Native extension for Lumin target not found
Native extension for LinuxStandalone target not found
Native extension for WindowsStandalone target not found
Native extension for OSXStandalone target not found
Native extension for WebGL target not found
Refreshing native plugins compatible for Editor in 0.92 ms, found 4 plugins.
Preloading 0 native plugins for Editor in 0.00 ms.
Mono: successfully reloaded assembly
- Completed reload, in  1.071 seconds
Domain Reload Profiling:
	ReloadAssembly (1071ms)
		BeginReloadAssembly (116ms)
			ExecutionOrderSort (0ms)
			DisableScriptedObjects (6ms)
			BackupInstance (0ms)
			ReleaseScriptingObjects (0ms)
			CreateAndSetChildDomain (37ms)
		EndReloadAssembly (894ms)
			LoadAssemblies (88ms)
			RebuildTransferFunctionScriptingTraits (0ms)
			SetupTypeCache (267ms)
			ReleaseScriptCaches (1ms)
			RebuildScriptCaches (44ms)
			SetupLoadedEditorAssemblies (380ms)
				LogAssemblyErrors (0ms)
				InitializePlatformSupportModulesInManaged (16ms)
				SetLoadedEditorAssemblies (0ms)
				RefreshPlugins (1ms)
				BeforeProcessingInitializeOnLoad (88ms)
				ProcessInitializeOnLoadAttributes (264ms)
				ProcessInitializeOnLoadMethodAttributes (7ms)
				AfterProcessingInitializeOnLoad (4ms)
				EditorAssembliesLoaded (0ms)
			ExecutionOrderSort2 (0ms)
			AwakeInstancesAfterBackupRestoration (12ms)
Platform modules already initialized, skipping
Refreshing native plugins compatible for Editor in 0.77 ms, found 4 plugins.
Preloading 0 native plugins for Editor in 0.00 ms.
Unloading 2698 Unused Serialized files (Serialized files now loaded: 0)
System memory in use before: 213.7 MB.
System memory in use after: 214.0 MB.

Unloading 22 unused Assets to reduce memory usage. Loaded Objects now: 3366.
Total: 3.538400 ms (FindLiveObjects: 0.315500 ms CreateObjectMapping: 0.098600 ms MarkObjects: 3.072500 ms  DeleteObjects: 0.050600 ms)

AssetImportParameters requested are different than current active one (requested -> active):
  custom:framework-win-MediaFoundation: 216162199b28c13a410421893ffa2e32 -> 
  custom:video-decoder-ogg-theora: a1e56fd34408186e4bbccfd4996cb3dc -> 
  custom:container-muxer-webm: aa71ff27fc2769a1b78a27578f13a17b -> 
  custom:container-demuxer-webm: 4f35f7cbe854078d1ac9338744f61a02 -> 
  custom:container-demuxer-ogg: 62fdf1f143b41e24485cea50d1cbac27 -> 
  custom:video-encoder-webm-vp8: eb34c28f22e8b96e1ab97ce403110664 -> 
  custom:video-codec-MediaFoundation-h265: 746d11721c4dcdbdad8f713fa42b33f4 -> 
  custom:video-decoder-webm-vp8: 9c59270c3fd7afecdb556c50c9e8de78 -> 
  custom:audio-decoder-ogg-vorbis: bf7c407c2cedff20999df2af8eb42d56 -> 
  custom:audio-encoder-webm-vorbis: bf7c407c2cedff20999df2af8eb42d56 -> 
========================================================================
Received Import Request.
  Time since last request: 65.503301 seconds.
  path: Assets/baponkar_Third_Person_Shooter/Model/assault1 1/assault1.fbx
  artifactKey: Guid(0d59a5ca2bca18f4faea33d1416f5b64) Importer(815301076,1909f56bfc062723c751e8b465ee728b)
Start importing Assets/baponkar_Third_Person_Shooter/Model/assault1 1/assault1.fbx using Guid(0d59a5ca2bca18f4faea33d1416f5b64) Importer(815301076,1909f56bfc062723c751e8b465ee728b)  -> (artifact id: '59c25eae3a1167c98e8a2eaef252065e') in 0.129290 seconds 
  Import took 0.137209 seconds .

========================================================================
Received Import Request.
  Time since last request: 0.000206 seconds.
  path: Assets/baponkar_Third_Person_Shooter/Model/assault1 1/assault1_normal.png
  artifactKey: Guid(3727e43025dd6394c84b2c3387ef6384) Importer(815301076,1909f56bfc062723c751e8b465ee728b)
Start importing Assets/baponkar_Third_Person_Shooter/Model/assault1 1/assault1_normal.png using Guid(3727e43025dd6394c84b2c3387ef6384) Importer(815301076,1909f56bfc062723c751e8b465ee728b)  -> (artifact id: 'bfd22b6e64ecf9296b972fcc9bdfcc32') in 0.039663 seconds 
  Import took 0.045513 seconds .

========================================================================
Received Import Request.
  Time since last request: 0.000313 seconds.
  path: Assets/baponkar_Third_Person_Shooter/Model/assault1 1/assault1.mat
  artifactKey: Guid(e5c4ad429a6ff8547ad6dc9b6a4510cf) Importer(815301076,1909f56bfc062723c751e8b465ee728b)
Start importing Assets/baponkar_Third_Person_Shooter/Model/assault1 1/assault1.mat using Guid(e5c4ad429a6ff8547ad6dc9b6a4510cf) Importer(815301076,1909f56bfc062723c751e8b465ee728b)  -> (artifact id: '8647ff4d6cdedad058fc6898909f037e') in 0.032316 seconds 
  Import took 0.039857 seconds .

========================================================================
Received Import Request.
  Time since last request: 0.000331 seconds.
  path: Assets/baponkar_Third_Person_Shooter/Model/assault1 1/assault1_diffuse.png
  artifactKey: Guid(98c75452a2fc9db4a9d45d899d9abc0a) Importer(815301076,1909f56bfc062723c751e8b465ee728b)
Start importing Assets/baponkar_Third_Person_Shooter/Model/assault1 1/assault1_diffuse.png using Guid(98c75452a2fc9db4a9d45d899d9abc0a) Importer(815301076,1909f56bfc062723c751e8b465ee728b)  -> (artifact id: '1cd8fe634074c03ac33a777af73c7ce0') in 0.020421 seconds 
  Import took 0.027745 seconds .

========================================================================
Received Import Request.
  Time since last request: 24.316165 seconds.
  path: Assets/baponkar_Third_Person_Shooter/Model/assault1 1/assault1.fbx
  artifactKey: Guid(0d59a5ca2bca18f4faea33d1416f5b64) Importer(815301076,1909f56bfc062723c751e8b465ee728b)
Start importing Assets/baponkar_Third_Person_Shooter/Model/assault1 1/assault1.fbx using Guid(0d59a5ca2bca18f4faea33d1416f5b64) Importer(815301076,1909f56bfc062723c751e8b465ee728b)  -> (artifact id: '2e21b96203eacedd522267f570133cce') in 0.036752 seconds 
  Import took 0.045594 seconds .

========================================================================
Received Import Request.
  Time since last request: 4.919743 seconds.
  path: Assets/baponkar_Third_Person_Shooter/Model/assault1 1/Materials/Ak-47_diffuse_lights.mat
  artifactKey: Guid(75730c96162b33a478757e4700ab4237) Importer(815301076,1909f56bfc062723c751e8b465ee728b)
Start importing Assets/baponkar_Third_Person_Shooter/Model/assault1 1/Materials/Ak-47_diffuse_lights.mat using Guid(75730c96162b33a478757e4700ab4237) Importer(815301076,1909f56bfc062723c751e8b465ee728b)  -> (artifact id: 'e867650bc85ff69678b4a1898e483f2a') in 0.045400 seconds 
  Import took 0.056330 seconds .

========================================================================
Received Import Request.
  Time since last request: 0.000634 seconds.
  path: Assets/baponkar_Third_Person_Shooter/Model/assault1 1/Materials
  artifactKey: Guid(6bceeb3b292b7fa4794ded982a21df22) Importer(815301076,1909f56bfc062723c751e8b465ee728b)
Start importing Assets/baponkar_Third_Person_Shooter/Model/assault1 1/Materials using Guid(6bceeb3b292b7fa4794ded982a21df22) Importer(815301076,1909f56bfc062723c751e8b465ee728b)  -> (artifact id: '3dbdee7b6a902e5d5d80da1360986dbe') in 0.017039 seconds 
  Import took 0.026871 seconds .

========================================================================
Received Import Request.
  Time since last request: 45.208711 seconds.
  path: Assets/baponkar_Third_Person_Shooter/Model/pistol1
  artifactKey: Guid(2d7f2c79466176b4dab41dd820cfdb15) Importer(815301076,1909f56bfc062723c751e8b465ee728b)
Start importing Assets/baponkar_Third_Person_Shooter/Model/pistol1 using Guid(2d7f2c79466176b4dab41dd820cfdb15) Importer(815301076,1909f56bfc062723c751e8b465ee728b)  -> (artifact id: '161d849ae130448010ae824f029f3657') in 0.011340 seconds 
  Import took 0.017871 seconds .

========================================================================
Received Import Request.
  Time since last request: 5.070207 seconds.
  path: Assets/baponkar_Third_Person_Shooter/Model/assault1
  artifactKey: Guid(077f0da315b535c42a6c3efe909389ab) Importer(815301076,1909f56bfc062723c751e8b465ee728b)
Start importing Assets/baponkar_Third_Person_Shooter/Model/assault1 using Guid(077f0da315b535c42a6c3efe909389ab) Importer(815301076,1909f56bfc062723c751e8b465ee728b)  -> (artifact id: '2134b463b4f0ab508f72cc682b478f5e') in 0.002570 seconds 
  Import took 0.011388 seconds .

========================================================================
Received Import Request.
  Time since last request: 12.627527 seconds.
  path: Assets/baponkar_Third_Person_Shooter/Model/pistol1/pistol1.fbx
  artifactKey: Guid(c1fc972279f054e41b978554a7ebd850) Importer(815301076,1909f56bfc062723c751e8b465ee728b)
Start importing Assets/baponkar_Third_Person_Shooter/Model/pistol1/pistol1.fbx using Guid(c1fc972279f054e41b978554a7ebd850) Importer(815301076,1909f56bfc062723c751e8b465ee728b)  -> (artifact id: 'ee5790b16aae33be5595c1ea47355842') in 0.037237 seconds 
  Import took 0.069565 seconds .

========================================================================
Received Import Request.
  Time since last request: 0.000320 seconds.
  path: Assets/baponkar_Third_Person_Shooter/Model/pistol1/pistol1_diffuse.png
  artifactKey: Guid(70583d3a5f22f8a4b8be2e1f3ec855f3) Importer(815301076,1909f56bfc062723c751e8b465ee728b)
Start importing Assets/baponkar_Third_Person_Shooter/Model/pistol1/pistol1_diffuse.png using Guid(70583d3a5f22f8a4b8be2e1f3ec855f3) Importer(815301076,1909f56bfc062723c751e8b465ee728b)  -> (artifact id: '5ee43cc41cd51c1be7fad55d465ef490') in 0.016153 seconds 
  Import took 0.024067 seconds .

========================================================================
Received Import Request.
  Time since last request: 0.000370 seconds.
  path: Assets/baponkar_Third_Person_Shooter/Model/pistol1/pistol1.mat
  artifactKey: Guid(6a3418f2e432b8e48969f9c3b11f1dec) Importer(815301076,1909f56bfc062723c751e8b465ee728b)
Start importing Assets/baponkar_Third_Person_Shooter/Model/pistol1/pistol1.mat using Guid(6a3418f2e432b8e48969f9c3b11f1dec) Importer(815301076,1909f56bfc062723c751e8b465ee728b)  -> (artifact id: '3c7a5b924e1178afbc3ef39392171bf6') in 0.032445 seconds 
  Import took 0.042026 seconds .

========================================================================
Received Import Request.
  Time since last request: 0.000298 seconds.
  path: Assets/baponkar_Third_Person_Shooter/Model/pistol1/pistol1_normal.png
  artifactKey: Guid(c5a6f03814108b14ead80b4d29b5ccdc) Importer(815301076,1909f56bfc062723c751e8b465ee728b)
Start importing Assets/baponkar_Third_Person_Shooter/Model/pistol1/pistol1_normal.png using Guid(c5a6f03814108b14ead80b4d29b5ccdc) Importer(815301076,1909f56bfc062723c751e8b465ee728b)  -> (artifact id: '3c3f3af2e47c11427520afe9fd0ade52') in 0.026690 seconds 
  Import took 0.034177 seconds .

========================================================================
Received Import Request.
  Time since last request: 0.004557 seconds.
  path: Assets/baponkar_Third_Person_Shooter/Model/pistol1/pistol1_normal.png
  artifactKey: Guid(c5a6f03814108b14ead80b4d29b5ccdc) Importer(815301076,1909f56bfc062723c751e8b465ee728b)
Start importing Assets/baponkar_Third_Person_Shooter/Model/pistol1/pistol1_normal.png using Guid(c5a6f03814108b14ead80b4d29b5ccdc) Importer(815301076,1909f56bfc062723c751e8b465ee728b)  -> (artifact id: '3c3f3af2e47c11427520afe9fd0ade52') in 0.026406 seconds 
  Import took 0.033597 seconds .

========================================================================
Received Import Request.
  Time since last request: 13.570375 seconds.
  path: Assets/baponkar_Third_Person_Shooter/Model/pistol1/pistol1.fbx
  artifactKey: Guid(c1fc972279f054e41b978554a7ebd850) Importer(815301076,1909f56bfc062723c751e8b465ee728b)
Start importing Assets/baponkar_Third_Person_Shooter/Model/pistol1/pistol1.fbx using Guid(c1fc972279f054e41b978554a7ebd850) Importer(815301076,1909f56bfc062723c751e8b465ee728b)  -> (artifact id: '8b9ca084e4b23dc2e8af338b5fd371ee') in 0.035284 seconds 
  Import took 0.043852 seconds .

========================================================================
Received Import Request.
  Time since last request: 0.000552 seconds.
  path: Assets/baponkar_Third_Person_Shooter/Model/pistol1/pistol1.fbx
  artifactKey: Guid(c1fc972279f054e41b978554a7ebd850) Importer(815301076,1909f56bfc062723c751e8b465ee728b)
Start importing Assets/baponkar_Third_Person_Shooter/Model/pistol1/pistol1.fbx using Guid(c1fc972279f054e41b978554a7ebd850) Importer(815301076,1909f56bfc062723c751e8b465ee728b)  -> (artifact id: '8b9ca084e4b23dc2e8af338b5fd371ee') in 0.033451 seconds 
  Import took 0.039469 seconds .

========================================================================
Received Import Request.
  Time since last request: 14.211744 seconds.
  path: Assets/baponkar_Third_Person_Shooter/Model/pistol1/pistol1.mat
  artifactKey: Guid(6a3418f2e432b8e48969f9c3b11f1dec) Importer(815301076,1909f56bfc062723c751e8b465ee728b)
Start importing Assets/baponkar_Third_Person_Shooter/Model/pistol1/pistol1.mat using Guid(6a3418f2e432b8e48969f9c3b11f1dec) Importer(815301076,1909f56bfc062723c751e8b465ee728b)  -> (artifact id: '3581a431247e1e1db53fc9e53d129516') in 0.043698 seconds 
  Import took 0.050750 seconds .

========================================================================
Received Import Request.
  Time since last request: 9.689562 seconds.
  path: Assets/baponkar_Third_Person_Shooter/Prefabs/Male_02_V01.prefab
  artifactKey: Guid(63545b063e39bc94083eab1571bd013e) Importer(815301076,1909f56bfc062723c751e8b465ee728b)
Start importing Assets/baponkar_Third_Person_Shooter/Prefabs/Male_02_V01.prefab using Guid(63545b063e39bc94083eab1571bd013e) Importer(815301076,1909f56bfc062723c751e8b465ee728b)  -> (artifact id: 'b40c3b5fe93d7ba291d242a25f8a3aaa') in 0.139548 seconds 
  Import took 0.146945 seconds .

========================================================================
Received Import Request.
  Time since last request: 1.770760 seconds.
  path: Assets/baponkar_Third_Person_Shooter/Prefabs/Weapons/assault1.prefab
  artifactKey: Guid(ea50504c02f619f4196a7689d0c6e217) Importer(815301076,1909f56bfc062723c751e8b465ee728b)
Start importing Assets/baponkar_Third_Person_Shooter/Prefabs/Weapons/assault1.prefab using Guid(ea50504c02f619f4196a7689d0c6e217) Importer(815301076,1909f56bfc062723c751e8b465ee728b)  -> (artifact id: '2eb572ba01f34c53b4dc7399b8bfe150') in 0.049961 seconds 
  Import took 0.056859 seconds .

========================================================================
Received Import Request.
  Time since last request: 0.000386 seconds.
  path: Assets/baponkar_Third_Person_Shooter/Prefabs/Weapons/pistol1.prefab
  artifactKey: Guid(6cfb58ac8b5f60d49b95e9ce8c3cf96d) Importer(815301076,1909f56bfc062723c751e8b465ee728b)
Start importing Assets/baponkar_Third_Person_Shooter/Prefabs/Weapons/pistol1.prefab using Guid(6cfb58ac8b5f60d49b95e9ce8c3cf96d) Importer(815301076,1909f56bfc062723c751e8b465ee728b)  -> (artifact id: '4d848f907fcb795fec383ffd464be09b') in 0.020604 seconds 
  Import took 0.027867 seconds .

========================================================================
Received Import Request.
  Time since last request: 18.719264 seconds.
  path: Assets/baponkar_Third_Person_Shooter/Model/assault1/assault1.mat
  artifactKey: Guid(e5c4ad429a6ff8547ad6dc9b6a4510cf) Importer(815301076,1909f56bfc062723c751e8b465ee728b)
Start importing Assets/baponkar_Third_Person_Shooter/Model/assault1/assault1.mat using Guid(e5c4ad429a6ff8547ad6dc9b6a4510cf) Importer(815301076,1909f56bfc062723c751e8b465ee728b)  -> (artifact id: 'ab9102f900a340e3d391768afeb3d96e') in 0.055072 seconds 
  Import took 0.062196 seconds .

========================================================================
Received Prepare
Registering precompiled user dll's ...
Registered in 0.002306 seconds.
Begin MonoManager ReloadAssembly
Native extension for Lumin target not found
Native extension for LinuxStandalone target not found
Native extension for WindowsStandalone target not found
Native extension for OSXStandalone target not found
Native extension for WebGL target not found
Refreshing native plugins compatible for Editor in 1.13 ms, found 4 plugins.
Preloading 0 native plugins for Editor in 0.00 ms.
Mono: successfully reloaded assembly
- Completed reload, in  1.300 seconds
Domain Reload Profiling:
	ReloadAssembly (1301ms)
		BeginReloadAssembly (139ms)
			ExecutionOrderSort (0ms)
			DisableScriptedObjects (6ms)
			BackupInstance (0ms)
			ReleaseScriptingObjects (0ms)
			CreateAndSetChildDomain (35ms)
		EndReloadAssembly (1089ms)
			LoadAssemblies (131ms)
			RebuildTransferFunctionScriptingTraits (0ms)
			SetupTypeCache (356ms)
			ReleaseScriptCaches (2ms)
			RebuildScriptCaches (52ms)
			SetupLoadedEditorAssemblies (426ms)
				LogAssemblyErrors (0ms)
				InitializePlatformSupportModulesInManaged (17ms)
				SetLoadedEditorAssemblies (0ms)
				RefreshPlugins (1ms)
				BeforeProcessingInitializeOnLoad (106ms)
				ProcessInitializeOnLoadAttributes (286ms)
				ProcessInitializeOnLoadMethodAttributes (9ms)
				AfterProcessingInitializeOnLoad (6ms)
				EditorAssembliesLoaded (0ms)
			ExecutionOrderSort2 (0ms)
			AwakeInstancesAfterBackupRestoration (15ms)
Platform modules already initialized, skipping
Refreshing native plugins compatible for Editor in 0.84 ms, found 4 plugins.
Preloading 0 native plugins for Editor in 0.00 ms.
Unloading 2700 Unused Serialized files (Serialized files now loaded: 0)
System memory in use before: 214.0 MB.
System memory in use after: 214.2 MB.

Unloading 22 unused Assets to reduce memory usage. Loaded Objects now: 3392.
Total: 4.298400 ms (FindLiveObjects: 0.422400 ms CreateObjectMapping: 0.133500 ms MarkObjects: 3.631100 ms  DeleteObjects: 0.109800 ms)

AssetImportParameters requested are different than current active one (requested -> active):
  custom:framework-win-MediaFoundation: 216162199b28c13a410421893ffa2e32 -> 
  custom:video-decoder-ogg-theora: a1e56fd34408186e4bbccfd4996cb3dc -> 
  custom:container-muxer-webm: aa71ff27fc2769a1b78a27578f13a17b -> 
  custom:container-demuxer-webm: 4f35f7cbe854078d1ac9338744f61a02 -> 
  custom:container-demuxer-ogg: 62fdf1f143b41e24485cea50d1cbac27 -> 
  custom:video-encoder-webm-vp8: eb34c28f22e8b96e1ab97ce403110664 -> 
  custom:video-codec-MediaFoundation-h265: 746d11721c4dcdbdad8f713fa42b33f4 -> 
  custom:video-decoder-webm-vp8: 9c59270c3fd7afecdb556c50c9e8de78 -> 
  custom:audio-decoder-ogg-vorbis: bf7c407c2cedff20999df2af8eb42d56 -> 
  custom:audio-encoder-webm-vorbis: bf7c407c2cedff20999df2af8eb42d56 -> 
========================================================================
Received Prepare
Registering precompiled user dll's ...
Registered in 0.002081 seconds.
Begin MonoManager ReloadAssembly
Native extension for Lumin target not found
Native extension for LinuxStandalone target not found
Native extension for WindowsStandalone target not found
Native extension for OSXStandalone target not found
Native extension for WebGL target not found
Refreshing native plugins compatible for Editor in 0.83 ms, found 4 plugins.
Preloading 0 native plugins for Editor in 0.00 ms.
Mono: successfully reloaded assembly
- Completed reload, in  1.115 seconds
Domain Reload Profiling:
	ReloadAssembly (1116ms)
		BeginReloadAssembly (104ms)
			ExecutionOrderSort (0ms)
			DisableScriptedObjects (7ms)
			BackupInstance (0ms)
			ReleaseScriptingObjects (0ms)
			CreateAndSetChildDomain (32ms)
		EndReloadAssembly (931ms)
			LoadAssemblies (81ms)
			RebuildTransferFunctionScriptingTraits (0ms)
			SetupTypeCache (295ms)
			ReleaseScriptCaches (1ms)
			RebuildScriptCaches (43ms)
			SetupLoadedEditorAssemblies (390ms)
				LogAssemblyErrors (0ms)
				InitializePlatformSupportModulesInManaged (16ms)
				SetLoadedEditorAssemblies (1ms)
				RefreshPlugins (1ms)
				BeforeProcessingInitializeOnLoad (86ms)
				ProcessInitializeOnLoadAttributes (270ms)
				ProcessInitializeOnLoadMethodAttributes (11ms)
				AfterProcessingInitializeOnLoad (5ms)
				EditorAssembliesLoaded (0ms)
			ExecutionOrderSort2 (0ms)
			AwakeInstancesAfterBackupRestoration (16ms)
Platform modules already initialized, skipping
Refreshing native plugins compatible for Editor in 0.93 ms, found 4 plugins.
Preloading 0 native plugins for Editor in 0.00 ms.
Unloading 2700 Unused Serialized files (Serialized files now loaded: 0)
System memory in use before: 214.0 MB.
System memory in use after: 214.2 MB.

Unloading 20 unused Assets to reduce memory usage. Loaded Objects now: 3408.
Total: 3.420000 ms (FindLiveObjects: 0.446600 ms CreateObjectMapping: 0.124500 ms MarkObjects: 2.802100 ms  DeleteObjects: 0.045200 ms)

AssetImportParameters requested are different than current active one (requested -> active):
  custom:framework-win-MediaFoundation: 216162199b28c13a410421893ffa2e32 -> 
  custom:video-decoder-ogg-theora: a1e56fd34408186e4bbccfd4996cb3dc -> 
  custom:container-muxer-webm: aa71ff27fc2769a1b78a27578f13a17b -> 
  custom:container-demuxer-webm: 4f35f7cbe854078d1ac9338744f61a02 -> 
  custom:container-demuxer-ogg: 62fdf1f143b41e24485cea50d1cbac27 -> 
  custom:video-encoder-webm-vp8: eb34c28f22e8b96e1ab97ce403110664 -> 
  custom:video-codec-MediaFoundation-h265: 746d11721c4dcdbdad8f713fa42b33f4 -> 
  custom:video-decoder-webm-vp8: 9c59270c3fd7afecdb556c50c9e8de78 -> 
  custom:audio-decoder-ogg-vorbis: bf7c407c2cedff20999df2af8eb42d56 -> 
  custom:audio-encoder-webm-vorbis: bf7c407c2cedff20999df2af8eb42d56 -> 
========================================================================
Received Prepare
Registering precompiled user dll's ...
Registered in 0.002377 seconds.
Begin MonoManager ReloadAssembly
Native extension for Lumin target not found
Native extension for LinuxStandalone target not found
Native extension for WindowsStandalone target not found
Native extension for OSXStandalone target not found
Native extension for WebGL target not found
Refreshing native plugins compatible for Editor in 0.70 ms, found 4 plugins.
Preloading 0 native plugins for Editor in 0.00 ms.
Mono: successfully reloaded assembly
- Completed reload, in  1.193 seconds
Domain Reload Profiling:
	ReloadAssembly (1194ms)
		BeginReloadAssembly (108ms)
			ExecutionOrderSort (0ms)
			DisableScriptedObjects (5ms)
			BackupInstance (0ms)
			ReleaseScriptingObjects (0ms)
			CreateAndSetChildDomain (30ms)
		EndReloadAssembly (1019ms)
			LoadAssemblies (87ms)
			RebuildTransferFunctionScriptingTraits (0ms)
			SetupTypeCache (235ms)
			ReleaseScriptCaches (2ms)
			RebuildScriptCaches (51ms)
			SetupLoadedEditorAssemblies (387ms)
				LogAssemblyErrors (0ms)
				InitializePlatformSupportModulesInManaged (18ms)
				SetLoadedEditorAssemblies (0ms)
				RefreshPlugins (1ms)
				BeforeProcessingInitializeOnLoad (96ms)
				ProcessInitializeOnLoadAttributes (262ms)
				ProcessInitializeOnLoadMethodAttributes (6ms)
				AfterProcessingInitializeOnLoad (4ms)
				EditorAssembliesLoaded (0ms)
			ExecutionOrderSort2 (0ms)
			AwakeInstancesAfterBackupRestoration (14ms)
Platform modules already initialized, skipping
Refreshing native plugins compatible for Editor in 0.88 ms, found 4 plugins.
Preloading 0 native plugins for Editor in 0.00 ms.
Unloading 2700 Unused Serialized files (Serialized files now loaded: 0)
System memory in use before: 214.0 MB.
System memory in use after: 214.2 MB.

Unloading 20 unused Assets to reduce memory usage. Loaded Objects now: 3424.
Total: 3.742700 ms (FindLiveObjects: 0.316300 ms CreateObjectMapping: 0.109800 ms MarkObjects: 3.256200 ms  DeleteObjects: 0.059100 ms)

AssetImportParameters requested are different than current active one (requested -> active):
  custom:framework-win-MediaFoundation: 216162199b28c13a410421893ffa2e32 -> 
  custom:video-decoder-ogg-theora: a1e56fd34408186e4bbccfd4996cb3dc -> 
  custom:container-muxer-webm: aa71ff27fc2769a1b78a27578f13a17b -> 
  custom:container-demuxer-webm: 4f35f7cbe854078d1ac9338744f61a02 -> 
  custom:container-demuxer-ogg: 62fdf1f143b41e24485cea50d1cbac27 -> 
  custom:video-encoder-webm-vp8: eb34c28f22e8b96e1ab97ce403110664 -> 
  custom:video-codec-MediaFoundation-h265: 746d11721c4dcdbdad8f713fa42b33f4 -> 
  custom:video-decoder-webm-vp8: 9c59270c3fd7afecdb556c50c9e8de78 -> 
  custom:audio-decoder-ogg-vorbis: bf7c407c2cedff20999df2af8eb42d56 -> 
  custom:audio-encoder-webm-vorbis: bf7c407c2cedff20999df2af8eb42d56 -> 
========================================================================
Received Import Request.
  Time since last request: 236.624535 seconds.
  path: Assets/baponkar_Third_Person_Shooter/Character_Animations
  artifactKey: Guid(ab366570409db584a8f51ba532fcd676) Importer(815301076,1909f56bfc062723c751e8b465ee728b)
Start importing Assets/baponkar_Third_Person_Shooter/Character_Animations using Guid(ab366570409db584a8f51ba532fcd676) Importer(815301076,1909f56bfc062723c751e8b465ee728b)  -> (artifact id: 'f85f7346f29817a543a1a7e2b6fdac76') in 0.009474 seconds 
  Import took 0.015386 seconds .

========================================================================
Received Import Request.
  Time since last request: 51.993053 seconds.
  path: Assets/Assets_external/_Standard Assets/Characters/Animation/Male/Animations 1
  artifactKey: Guid(1583066a1c5b405448ff39ac62786d62) Importer(815301076,1909f56bfc062723c751e8b465ee728b)
Start importing Assets/Assets_external/_Standard Assets/Characters/Animation/Male/Animations 1 using Guid(1583066a1c5b405448ff39ac62786d62) Importer(815301076,1909f56bfc062723c751e8b465ee728b)  -> (artifact id: '33ef398a8fff8ecc245873c7de9da26b') in 0.007969 seconds 
  Import took 0.017396 seconds .

========================================================================
Received Import Request.
  Time since last request: 44.696730 seconds.
  path: Assets/baponkar_Third_Person_Shooter/Character_Animations/Animations
  artifactKey: Guid(1583066a1c5b405448ff39ac62786d62) Importer(815301076,1909f56bfc062723c751e8b465ee728b)
Start importing Assets/baponkar_Third_Person_Shooter/Character_Animations/Animations using Guid(1583066a1c5b405448ff39ac62786d62) Importer(815301076,1909f56bfc062723c751e8b465ee728b)  -> (artifact id: '0d5cbc693101436d2c334f68f982114f') in 0.010258 seconds 
  Import took 0.017420 seconds .

========================================================================
Received Import Request.
  Time since last request: 2.671493 seconds.
  path: Assets/baponkar_Third_Person_Shooter/Character_Animations/Animations/Aerial/m@Falling.fbx
  artifactKey: Guid(64fc3d6a77e188d42bd2c69fd3fb2a31) Importer(815301076,1909f56bfc062723c751e8b465ee728b)
Start importing Assets/baponkar_Third_Person_Shooter/Character_Animations/Animations/Aerial/m@Falling.fbx using Guid(64fc3d6a77e188d42bd2c69fd3fb2a31) Importer(815301076,1909f56bfc062723c751e8b465ee728b)  -> (artifact id: '4ef6873c0fc15216c7540acf5ba114ff') in 0.040182 seconds 
  Import took 0.051284 seconds .

========================================================================
Received Import Request.
  Time since last request: 0.000275 seconds.
  path: Assets/baponkar_Third_Person_Shooter/Character_Animations/Animations/Aerial
  artifactKey: Guid(701d4f0e7cfe4dc40bbd243ba8707a5e) Importer(815301076,1909f56bfc062723c751e8b465ee728b)
Start importing Assets/baponkar_Third_Person_Shooter/Character_Animations/Animations/Aerial using Guid(701d4f0e7cfe4dc40bbd243ba8707a5e) Importer(815301076,1909f56bfc062723c751e8b465ee728b)  -> (artifact id: 'f4a9ba7fe7e185ff1ec8515e4e44d1c3') in 0.006281 seconds 
  Import took 0.014015 seconds .

========================================================================
Received Prepare
Registering precompiled user dll's ...
Registered in 0.002378 seconds.
Begin MonoManager ReloadAssembly
Native extension for Lumin target not found
Native extension for LinuxStandalone target not found
Native extension for WindowsStandalone target not found
Native extension for OSXStandalone target not found
Native extension for WebGL target not found
Refreshing native plugins compatible for Editor in 0.93 ms, found 4 plugins.
Preloading 0 native plugins for Editor in 0.00 ms.
Mono: successfully reloaded assembly
- Completed reload, in  1.096 seconds
Domain Reload Profiling:
	ReloadAssembly (1096ms)
		BeginReloadAssembly (131ms)
			ExecutionOrderSort (0ms)
			DisableScriptedObjects (6ms)
			BackupInstance (0ms)
			ReleaseScriptingObjects (0ms)
			CreateAndSetChildDomain (40ms)
		EndReloadAssembly (911ms)
			LoadAssemblies (98ms)
			RebuildTransferFunctionScriptingTraits (0ms)
			SetupTypeCache (273ms)
			ReleaseScriptCaches (1ms)
			RebuildScriptCaches (44ms)
			SetupLoadedEditorAssemblies (378ms)
				LogAssemblyErrors (0ms)
				InitializePlatformSupportModulesInManaged (16ms)
				SetLoadedEditorAssemblies (0ms)
				RefreshPlugins (1ms)
				BeforeProcessingInitializeOnLoad (85ms)
				ProcessInitializeOnLoadAttributes (264ms)
				ProcessInitializeOnLoadMethodAttributes (7ms)
				AfterProcessingInitializeOnLoad (4ms)
				EditorAssembliesLoaded (0ms)
			ExecutionOrderSort2 (0ms)
			AwakeInstancesAfterBackupRestoration (14ms)
Platform modules already initialized, skipping
Refreshing native plugins compatible for Editor in 0.73 ms, found 4 plugins.
Preloading 0 native plugins for Editor in 0.00 ms.
Unloading 2700 Unused Serialized files (Serialized files now loaded: 0)
System memory in use before: 213.9 MB.
System memory in use after: 214.2 MB.

Unloading 20 unused Assets to reduce memory usage. Loaded Objects now: 3440.
Total: 3.774000 ms (FindLiveObjects: 0.315300 ms CreateObjectMapping: 0.106600 ms MarkObjects: 3.303300 ms  DeleteObjects: 0.047700 ms)

AssetImportParameters requested are different than current active one (requested -> active):
  custom:framework-win-MediaFoundation: 216162199b28c13a410421893ffa2e32 -> 
  custom:video-decoder-ogg-theora: a1e56fd34408186e4bbccfd4996cb3dc -> 
  custom:container-muxer-webm: aa71ff27fc2769a1b78a27578f13a17b -> 
  custom:container-demuxer-webm: 4f35f7cbe854078d1ac9338744f61a02 -> 
  custom:container-demuxer-ogg: 62fdf1f143b41e24485cea50d1cbac27 -> 
  custom:video-encoder-webm-vp8: eb34c28f22e8b96e1ab97ce403110664 -> 
  custom:video-codec-MediaFoundation-h265: 746d11721c4dcdbdad8f713fa42b33f4 -> 
  custom:video-decoder-webm-vp8: 9c59270c3fd7afecdb556c50c9e8de78 -> 
  custom:audio-decoder-ogg-vorbis: bf7c407c2cedff20999df2af8eb42d56 -> 
  custom:audio-encoder-webm-vorbis: bf7c407c2cedff20999df2af8eb42d56 -> 
========================================================================
Received Prepare
Registering precompiled user dll's ...
Registered in 0.002169 seconds.
Begin MonoManager ReloadAssembly
Native extension for Lumin target not found
Native extension for LinuxStandalone target not found
Native extension for WindowsStandalone target not found
Native extension for OSXStandalone target not found
Native extension for WebGL target not found
Refreshing native plugins compatible for Editor in 0.81 ms, found 4 plugins.
Preloading 0 native plugins for Editor in 0.00 ms.
Mono: successfully reloaded assembly
- Completed reload, in  1.023 seconds
Domain Reload Profiling:
	ReloadAssembly (1023ms)
		BeginReloadAssembly (107ms)
			ExecutionOrderSort (0ms)
			DisableScriptedObjects (6ms)
			BackupInstance (0ms)
			ReleaseScriptingObjects (0ms)
			CreateAndSetChildDomain (31ms)
		EndReloadAssembly (858ms)
			LoadAssemblies (73ms)
			RebuildTransferFunctionScriptingTraits (0ms)
			SetupTypeCache (235ms)
			ReleaseScriptCaches (1ms)
			RebuildScriptCaches (47ms)
			SetupLoadedEditorAssemblies (383ms)
				LogAssemblyErrors (0ms)
				InitializePlatformSupportModulesInManaged (15ms)
				SetLoadedEditorAssemblies (0ms)
				RefreshPlugins (1ms)
				BeforeProcessingInitializeOnLoad (86ms)
				ProcessInitializeOnLoadAttributes (270ms)
				ProcessInitializeOnLoadMethodAttributes (6ms)
				AfterProcessingInitializeOnLoad (4ms)
				EditorAssembliesLoaded (0ms)
			ExecutionOrderSort2 (0ms)
			AwakeInstancesAfterBackupRestoration (14ms)
Platform modules already initialized, skipping
Refreshing native plugins compatible for Editor in 1.18 ms, found 4 plugins.
Preloading 0 native plugins for Editor in 0.00 ms.
Unloading 2700 Unused Serialized files (Serialized files now loaded: 0)
System memory in use before: 214.1 MB.
System memory in use after: 214.3 MB.

Unloading 20 unused Assets to reduce memory usage. Loaded Objects now: 3456.
Total: 2.879300 ms (FindLiveObjects: 0.326600 ms CreateObjectMapping: 0.153300 ms MarkObjects: 2.368900 ms  DeleteObjects: 0.029500 ms)

AssetImportParameters requested are different than current active one (requested -> active):
  custom:framework-win-MediaFoundation: 216162199b28c13a410421893ffa2e32 -> 
  custom:video-decoder-ogg-theora: a1e56fd34408186e4bbccfd4996cb3dc -> 
  custom:container-muxer-webm: aa71ff27fc2769a1b78a27578f13a17b -> 
  custom:container-demuxer-webm: 4f35f7cbe854078d1ac9338744f61a02 -> 
  custom:container-demuxer-ogg: 62fdf1f143b41e24485cea50d1cbac27 -> 
  custom:video-encoder-webm-vp8: eb34c28f22e8b96e1ab97ce403110664 -> 
  custom:video-codec-MediaFoundation-h265: 746d11721c4dcdbdad8f713fa42b33f4 -> 
  custom:video-decoder-webm-vp8: 9c59270c3fd7afecdb556c50c9e8de78 -> 
  custom:audio-decoder-ogg-vorbis: bf7c407c2cedff20999df2af8eb42d56 -> 
  custom:audio-encoder-webm-vorbis: bf7c407c2cedff20999df2af8eb42d56 -> 
AssetImportWorkerClient::OnTransportError - code=2 error=End of file
