Using pre-set license
Built from '2020.3/release' branch; Version is '2020.3.15f2 (6cf78cb77498) revision 7141260'; Using compiler version '192528614'; Build Type 'Release'
OS: 'Windows 10 Home Single Language; OS build 22000.675; Version 2009; 64bit' Language: 'en' Physical Memory: 8068 MB
BatchMode: 1, IsHumanControllingUs: 0, StartBugReporterOnCrash: 0, Is64bit: 1, IsPro: 0

 COMMAND LINE ARGUMENTS:
C:\Program Files\Unity\Hub\Editor\2020.3.15f2\Editor\Unity.exe
-adb2
-batchMode
-noUpm
-name
AssetImportWorker0
-projectPath
B:/Unity_Projects/Third Person Shooter
-logFile
Logs/AssetImportWorker0.log
-srvPort
55354
Successfully changed project path to: B:/Unity_Projects/Third Person Shooter
B:/Unity_Projects/Third Person Shooter
Using Asset Import Pipeline V2.
Refreshing native plugins compatible for Editor in 110.47 ms, found 4 plugins.
Preloading 0 native plugins for Editor in 0.00 ms.
Initialize engine version: 2020.3.15f2 (6cf78cb77498)
[Subsystems] Discovering subsystems at path C:/Program Files/Unity/Hub/Editor/2020.3.15f2/Editor/Data/Resources/UnitySubsystems
[Subsystems] Discovering subsystems at path B:/Unity_Projects/Third Person Shooter/Assets
GfxDevice: creating device client; threaded=0
Direct3D:
    Version:  Direct3D 11.0 [level 11.1]
    Renderer: Intel(R) UHD Graphics (ID=0x9b41)
    Vendor:   
    VRAM:     4034 MB
    Driver:   27.20.100.8935
Initialize mono
Mono path[0] = 'C:/Program Files/Unity/Hub/Editor/2020.3.15f2/Editor/Data/Managed'
Mono path[1] = 'C:/Program Files/Unity/Hub/Editor/2020.3.15f2/Editor/Data/MonoBleedingEdge/lib/mono/unityjit'
Mono config path = 'C:/Program Files/Unity/Hub/Editor/2020.3.15f2/Editor/Data/MonoBleedingEdge/etc'
Using monoOptions --debugger-agent=transport=dt_socket,embedding=1,server=y,suspend=n,address=127.0.0.1:56164
Begin MonoManager ReloadAssembly
Registering precompiled unity dll's ...
Register platform support module: C:/Program Files/Unity/Hub/Editor/2020.3.15f2/Editor/Data/PlaybackEngines/WebGLSupport/UnityEditor.WebGL.Extensions.dll
Register platform support module: C:/Program Files/Unity/Hub/Editor/2020.3.15f2/Editor/Data/PlaybackEngines/MacStandaloneSupport/UnityEditor.OSXStandalone.Extensions.dll
Register platform support module: C:/Program Files/Unity/Hub/Editor/2020.3.15f2/Editor/Data/PlaybackEngines/WindowsStandaloneSupport/UnityEditor.WindowsStandalone.Extensions.dll
Register platform support module: C:/Program Files/Unity/Hub/Editor/2020.3.15f2/Editor/Data/PlaybackEngines/LinuxStandaloneSupport/UnityEditor.LinuxStandalone.Extensions.dll
Register platform support module: C:/Program Files/Unity/Hub/Editor/2020.3.15f2/Editor/Data/PlaybackEngines/LuminSupport/UnityEditor.Lumin.Extensions.dll
Registered in 0.002475 seconds.
Native extension for Lumin target not found
Native extension for LinuxStandalone target not found
Native extension for WindowsStandalone target not found
Native extension for OSXStandalone target not found
Native extension for WebGL target not found
Refreshing native plugins compatible for Editor in 94.01 ms, found 4 plugins.
Preloading 0 native plugins for Editor in 0.00 ms.
Mono: successfully reloaded assembly
- Completed reload, in  1.960 seconds
Domain Reload Profiling:
	ReloadAssembly (1961ms)
		BeginReloadAssembly (48ms)
			ExecutionOrderSort (0ms)
			DisableScriptedObjects (0ms)
			BackupInstance (0ms)
			ReleaseScriptingObjects (0ms)
			CreateAndSetChildDomain (1ms)
		EndReloadAssembly (493ms)
			LoadAssemblies (47ms)
			RebuildTransferFunctionScriptingTraits (0ms)
			SetupTypeCache (178ms)
			ReleaseScriptCaches (0ms)
			RebuildScriptCaches (31ms)
			SetupLoadedEditorAssemblies (227ms)
				LogAssemblyErrors (0ms)
				InitializePlatformSupportModulesInManaged (7ms)
				SetLoadedEditorAssemblies (0ms)
				RefreshPlugins (94ms)
				BeforeProcessingInitializeOnLoad (12ms)
				ProcessInitializeOnLoadAttributes (86ms)
				ProcessInitializeOnLoadMethodAttributes (28ms)
				AfterProcessingInitializeOnLoad (0ms)
				EditorAssembliesLoaded (0ms)
			ExecutionOrderSort2 (0ms)
			AwakeInstancesAfterBackupRestoration (0ms)
Platform modules already initialized, skipping
Registering precompiled user dll's ...
Registered in 0.002327 seconds.
Begin MonoManager ReloadAssembly
Native extension for Lumin target not found
Native extension for LinuxStandalone target not found
Native extension for WindowsStandalone target not found
Native extension for OSXStandalone target not found
Native extension for WebGL target not found
Refreshing native plugins compatible for Editor in 89.97 ms, found 4 plugins.
Preloading 0 native plugins for Editor in 0.00 ms.
Mono: successfully reloaded assembly
- Completed reload, in  1.907 seconds
Domain Reload Profiling:
	ReloadAssembly (1908ms)
		BeginReloadAssembly (145ms)
			ExecutionOrderSort (0ms)
			DisableScriptedObjects (4ms)
			BackupInstance (0ms)
			ReleaseScriptingObjects (0ms)
			CreateAndSetChildDomain (19ms)
		EndReloadAssembly (1698ms)
			LoadAssemblies (81ms)
			RebuildTransferFunctionScriptingTraits (0ms)
			SetupTypeCache (281ms)
			ReleaseScriptCaches (1ms)
			RebuildScriptCaches (67ms)
			SetupLoadedEditorAssemblies (1125ms)
				LogAssemblyErrors (0ms)
				InitializePlatformSupportModulesInManaged (15ms)
				SetLoadedEditorAssemblies (0ms)
				RefreshPlugins (90ms)
				BeforeProcessingInitializeOnLoad (97ms)
				ProcessInitializeOnLoadAttributes (904ms)
				ProcessInitializeOnLoadMethodAttributes (14ms)
				AfterProcessingInitializeOnLoad (4ms)
				EditorAssembliesLoaded (0ms)
			ExecutionOrderSort2 (0ms)
			AwakeInstancesAfterBackupRestoration (7ms)
Platform modules already initialized, skipping
========================================================================
Worker process is ready to serve import requests
Launched and connected shader compiler UnityShaderCompiler.exe after 0.06 seconds
Refreshing native plugins compatible for Editor in 0.82 ms, found 4 plugins.
Preloading 0 native plugins for Editor in 0.00 ms.
Unloading 2762 Unused Serialized files (Serialized files now loaded: 0)
System memory in use before: 216.0 MB.
System memory in use after: 216.2 MB.

Unloading 45 unused Assets to reduce memory usage. Loaded Objects now: 3233.
Total: 3.649500 ms (FindLiveObjects: 0.265600 ms CreateObjectMapping: 0.117700 ms MarkObjects: 3.137300 ms  DeleteObjects: 0.127800 ms)

AssetImportParameters requested are different than current active one (requested -> active):
  custom:framework-win-MediaFoundation: 216162199b28c13a410421893ffa2e32 -> 
  custom:video-decoder-ogg-theora: a1e56fd34408186e4bbccfd4996cb3dc -> 
  custom:container-muxer-webm: aa71ff27fc2769a1b78a27578f13a17b -> 
  custom:container-demuxer-webm: 4f35f7cbe854078d1ac9338744f61a02 -> 
  custom:container-demuxer-ogg: 62fdf1f143b41e24485cea50d1cbac27 -> 
  custom:video-encoder-webm-vp8: eb34c28f22e8b96e1ab97ce403110664 -> 
  custom:video-codec-MediaFoundation-h265: 746d11721c4dcdbdad8f713fa42b33f4 -> 
  custom:video-decoder-webm-vp8: 9c59270c3fd7afecdb556c50c9e8de78 -> 
  custom:audio-decoder-ogg-vorbis: bf7c407c2cedff20999df2af8eb42d56 -> 
  custom:audio-encoder-webm-vorbis: bf7c407c2cedff20999df2af8eb42d56 -> 
========================================================================
Received Import Request.
  path: Assets/baponkar_Third_Person_Shooter/weapon_Animation_Clip/Third_Person_Shooter.controller
  artifactKey: Guid(d6782961a36d3d64caea0028895ae0bd) Importer(815301076,1909f56bfc062723c751e8b465ee728b)
Start importing Assets/baponkar_Third_Person_Shooter/weapon_Animation_Clip/Third_Person_Shooter.controller using Guid(d6782961a36d3d64caea0028895ae0bd) Importer(815301076,1909f56bfc062723c751e8b465ee728b)  -> (artifact id: '884757c07f4d88cdbc3a24bd4771d382') in 0.039472 seconds 
  Import took 0.045384 seconds .

========================================================================
Received Prepare
Refreshing native plugins compatible for Editor in 3.64 ms, found 4 plugins.
Preloading 0 native plugins for Editor in 0.00 ms.
Unloading 18 Unused Serialized files (Serialized files now loaded: 0)
System memory in use before: 157.3 MB.
System memory in use after: 157.5 MB.

Unloading 18 unused Assets to reduce memory usage. Loaded Objects now: 3233.
Total: 3.842600 ms (FindLiveObjects: 0.283300 ms CreateObjectMapping: 0.139900 ms MarkObjects: 3.404000 ms  DeleteObjects: 0.014500 ms)

AssetImportParameters requested are different than current active one (requested -> active):
  custom:framework-win-MediaFoundation: 216162199b28c13a410421893ffa2e32 -> 
  custom:video-decoder-ogg-theora: a1e56fd34408186e4bbccfd4996cb3dc -> 
  custom:container-muxer-webm: aa71ff27fc2769a1b78a27578f13a17b -> 
  custom:container-demuxer-webm: 4f35f7cbe854078d1ac9338744f61a02 -> 
  custom:container-demuxer-ogg: 62fdf1f143b41e24485cea50d1cbac27 -> 
  custom:video-encoder-webm-vp8: eb34c28f22e8b96e1ab97ce403110664 -> 
  custom:video-codec-MediaFoundation-h265: 746d11721c4dcdbdad8f713fa42b33f4 -> 
  custom:video-decoder-webm-vp8: 9c59270c3fd7afecdb556c50c9e8de78 -> 
  custom:audio-decoder-ogg-vorbis: bf7c407c2cedff20999df2af8eb42d56 -> 
  custom:audio-encoder-webm-vorbis: bf7c407c2cedff20999df2af8eb42d56 -> 
========================================================================
Received Import Request.
  Time since last request: 12.431171 seconds.
  path: Assets/baponkar_Third_Person_Shooter/weapon_Animation_Clip/Player_2_Animator.controller
  artifactKey: Guid(d6782961a36d3d64caea0028895ae0bd) Importer(815301076,1909f56bfc062723c751e8b465ee728b)
Start importing Assets/baponkar_Third_Person_Shooter/weapon_Animation_Clip/Player_2_Animator.controller using Guid(d6782961a36d3d64caea0028895ae0bd) Importer(815301076,1909f56bfc062723c751e8b465ee728b)  -> (artifact id: '3126ad1b558522ad35950c5528767193') in 0.012992 seconds 
  Import took 0.019000 seconds .

========================================================================
Received Import Request.
  Time since last request: 12.488439 seconds.
  path: Assets/baponkar_Third_Person_Shooter/weapon_Animation_Clip/Player_2_Animator 1.controller
  artifactKey: Guid(247607c48df918e449b1a39fe0a5fe48) Importer(815301076,1909f56bfc062723c751e8b465ee728b)
Start importing Assets/baponkar_Third_Person_Shooter/weapon_Animation_Clip/Player_2_Animator 1.controller using Guid(247607c48df918e449b1a39fe0a5fe48) Importer(815301076,1909f56bfc062723c751e8b465ee728b)  -> (artifact id: 'e03c60bcc4b577cd223d79ad45f378a3') in 0.015452 seconds 
  Import took 0.024161 seconds .

========================================================================
Received Import Request.
  Time since last request: 9.993361 seconds.
  path: Assets/baponkar_Third_Person_Shooter/weapon_Animation_Clip/Player_Animator.controller
  artifactKey: Guid(247607c48df918e449b1a39fe0a5fe48) Importer(815301076,1909f56bfc062723c751e8b465ee728b)
Start importing Assets/baponkar_Third_Person_Shooter/weapon_Animation_Clip/Player_Animator.controller using Guid(247607c48df918e449b1a39fe0a5fe48) Importer(815301076,1909f56bfc062723c751e8b465ee728b)  -> (artifact id: '2c04c363413788de14e895aa65a1999c') in 0.016178 seconds 
  Import took 0.022208 seconds .

========================================================================
Received Import Request.
  Time since last request: 28.153614 seconds.
  path: Assets/baponkar_Third_Person_Shooter/weapon_Animation_Clip/weapon_anim_assultRifle_2.anim
  artifactKey: Guid(8395e5ec203bb8c439883354667d07a3) Importer(815301076,1909f56bfc062723c751e8b465ee728b)
Start importing Assets/baponkar_Third_Person_Shooter/weapon_Animation_Clip/weapon_anim_assultRifle_2.anim using Guid(8395e5ec203bb8c439883354667d07a3) Importer(815301076,1909f56bfc062723c751e8b465ee728b)  -> (artifact id: '661bc62b8dfd73320c4fcb407511b021') in 0.011897 seconds 
  Import took 0.017864 seconds .

========================================================================
Received Import Request.
  Time since last request: 5.285516 seconds.
  path: Assets/baponkar_Third_Person_Shooter/weapon_Animation_Clip/weapon_anim_pistol_2.anim
  artifactKey: Guid(e4dfe3ebc871f8a42be626dcec421d3f) Importer(815301076,1909f56bfc062723c751e8b465ee728b)
Start importing Assets/baponkar_Third_Person_Shooter/weapon_Animation_Clip/weapon_anim_pistol_2.anim using Guid(e4dfe3ebc871f8a42be626dcec421d3f) Importer(815301076,1909f56bfc062723c751e8b465ee728b)  -> (artifact id: 'f2fbb35b7423c23b3d75fdf3194169fc') in 0.008318 seconds 
  Import took 0.014743 seconds .

========================================================================
Received Import Request.
  Time since last request: 1.244285 seconds.
  path: Assets/baponkar_Third_Person_Shooter/weapon_Animation_Clip/weapon_anim_unarmed.anim
  artifactKey: Guid(7873df1ea1bdea94fa1831d9ab01fa34) Importer(815301076,1909f56bfc062723c751e8b465ee728b)
Start importing Assets/baponkar_Third_Person_Shooter/weapon_Animation_Clip/weapon_anim_unarmed.anim using Guid(7873df1ea1bdea94fa1831d9ab01fa34) Importer(815301076,1909f56bfc062723c751e8b465ee728b)  -> (artifact id: 'd4260ffb31281b2f40f926042fff9928') in 0.008665 seconds 
  Import took 0.013974 seconds .

========================================================================
Received Import Request.
  Time since last request: 0.000621 seconds.
  path: Assets/baponkar_Third_Person_Shooter/weapon_Animation_Clip/weapon_anim_unarmed.anim
  artifactKey: Guid(7873df1ea1bdea94fa1831d9ab01fa34) Importer(815301076,1909f56bfc062723c751e8b465ee728b)
Start importing Assets/baponkar_Third_Person_Shooter/weapon_Animation_Clip/weapon_anim_unarmed.anim using Guid(7873df1ea1bdea94fa1831d9ab01fa34) Importer(815301076,1909f56bfc062723c751e8b465ee728b)  -> (artifact id: 'd4260ffb31281b2f40f926042fff9928') in 0.003069 seconds 
  Import took 0.009327 seconds .

========================================================================
Received Import Request.
  Time since last request: 2.980895 seconds.
  path: Assets/baponkar_Third_Person_Shooter/weapon_Animation_Clip/weapon_anim_unarmed_2.anim
  artifactKey: Guid(7873df1ea1bdea94fa1831d9ab01fa34) Importer(815301076,1909f56bfc062723c751e8b465ee728b)
Start importing Assets/baponkar_Third_Person_Shooter/weapon_Animation_Clip/weapon_anim_unarmed_2.anim using Guid(7873df1ea1bdea94fa1831d9ab01fa34) Importer(815301076,1909f56bfc062723c751e8b465ee728b)  -> (artifact id: 'c241585c29aef618f7868d1fe70d1041') in 0.008258 seconds 
  Import took 0.014369 seconds .

========================================================================
Received Import Request.
  Time since last request: 4.765261 seconds.
  path: Assets/baponkar_Third_Person_Shooter/weapon_Animation_Clip/weapon_recoil_pistol_2.anim
  artifactKey: Guid(b3bb50e2962c5b14b897b7d491d908a3) Importer(815301076,1909f56bfc062723c751e8b465ee728b)
Start importing Assets/baponkar_Third_Person_Shooter/weapon_Animation_Clip/weapon_recoil_pistol_2.anim using Guid(b3bb50e2962c5b14b897b7d491d908a3) Importer(815301076,1909f56bfc062723c751e8b465ee728b)  -> (artifact id: 'd73022257c050b08863d0c3e4912322f') in 0.007404 seconds 
  Import took 0.013803 seconds .

========================================================================
Received Import Request.
  Time since last request: 2.891736 seconds.
  path: Assets/baponkar_Third_Person_Shooter/weapon_Animation_Clip/weapon_recoil_rifle.anim
  artifactKey: Guid(961f1d1f89bf8ab47836f1f761789b48) Importer(815301076,1909f56bfc062723c751e8b465ee728b)
Start importing Assets/baponkar_Third_Person_Shooter/weapon_Animation_Clip/weapon_recoil_rifle.anim using Guid(961f1d1f89bf8ab47836f1f761789b48) Importer(815301076,1909f56bfc062723c751e8b465ee728b)  -> (artifact id: '2917323fc8ec88e22fa56173a3e5a4a9') in 0.009266 seconds 
  Import took 0.015224 seconds .

========================================================================
Received Import Request.
  Time since last request: 0.001167 seconds.
  path: Assets/baponkar_Third_Person_Shooter/weapon_Animation_Clip/weapon_recoil_rifle.anim
  artifactKey: Guid(961f1d1f89bf8ab47836f1f761789b48) Importer(815301076,1909f56bfc062723c751e8b465ee728b)
Start importing Assets/baponkar_Third_Person_Shooter/weapon_Animation_Clip/weapon_recoil_rifle.anim using Guid(961f1d1f89bf8ab47836f1f761789b48) Importer(815301076,1909f56bfc062723c751e8b465ee728b)  -> (artifact id: '2917323fc8ec88e22fa56173a3e5a4a9') in 0.002987 seconds 
  Import took 0.009481 seconds .

========================================================================
Received Import Request.
  Time since last request: 3.834656 seconds.
  path: Assets/baponkar_Third_Person_Shooter/weapon_Animation_Clip/weapon_recoil_rifle_2.anim
  artifactKey: Guid(961f1d1f89bf8ab47836f1f761789b48) Importer(815301076,1909f56bfc062723c751e8b465ee728b)
Start importing Assets/baponkar_Third_Person_Shooter/weapon_Animation_Clip/weapon_recoil_rifle_2.anim using Guid(961f1d1f89bf8ab47836f1f761789b48) Importer(815301076,1909f56bfc062723c751e8b465ee728b)  -> (artifact id: '847182802ad29f04c390cdee37dc82aa') in 0.007298 seconds 
  Import took 0.039548 seconds .

========================================================================
Received Import Request.
  Time since last request: 5.138087 seconds.
  path: Assets/baponkar_Third_Person_Shooter/weapon_Animation_Clip/weapon_sprinting_pistol_2.anim
  artifactKey: Guid(5dea9e200fea15045970260b15722c6f) Importer(815301076,1909f56bfc062723c751e8b465ee728b)
Start importing Assets/baponkar_Third_Person_Shooter/weapon_Animation_Clip/weapon_sprinting_pistol_2.anim using Guid(5dea9e200fea15045970260b15722c6f) Importer(815301076,1909f56bfc062723c751e8b465ee728b)  -> (artifact id: '6c03767e4ccee948379881a74ee22425') in 0.007063 seconds 
  Import took 0.013276 seconds .

========================================================================
Received Import Request.
  Time since last request: 5.034392 seconds.
  path: Assets/baponkar_Third_Person_Shooter/weapon_Animation_Clip/weapon_sprinting_rifle_2.anim
  artifactKey: Guid(6e56d803ac9c30247afaae698b803b93) Importer(815301076,1909f56bfc062723c751e8b465ee728b)
Start importing Assets/baponkar_Third_Person_Shooter/weapon_Animation_Clip/weapon_sprinting_rifle_2.anim using Guid(6e56d803ac9c30247afaae698b803b93) Importer(815301076,1909f56bfc062723c751e8b465ee728b)  -> (artifact id: 'aac424df3d23312ba469313784374d57') in 0.007051 seconds 
  Import took 0.013593 seconds .

========================================================================
Received Import Request.
  Time since last request: 6.339828 seconds.
  path: Assets/baponkar_Third_Person_Shooter/weapon_Animation_Clip/weapon_anim_assultRifle_2 1.anim
  artifactKey: Guid(956aaf97ef740c6448e88de27165c9f7) Importer(815301076,1909f56bfc062723c751e8b465ee728b)
Start importing Assets/baponkar_Third_Person_Shooter/weapon_Animation_Clip/weapon_anim_assultRifle_2 1.anim using Guid(956aaf97ef740c6448e88de27165c9f7) Importer(815301076,1909f56bfc062723c751e8b465ee728b)  -> (artifact id: '552ea3fe15e2af2933811abbf8e9c0dc') in 0.008278 seconds 
  Import took 0.013449 seconds .

========================================================================
Received Import Request.
  Time since last request: 14.465480 seconds.
  path: Assets/baponkar_Third_Person_Shooter/weapon_Animation_Clip/weapon_anim_assultRifle.anim
  artifactKey: Guid(956aaf97ef740c6448e88de27165c9f7) Importer(815301076,1909f56bfc062723c751e8b465ee728b)
Start importing Assets/baponkar_Third_Person_Shooter/weapon_Animation_Clip/weapon_anim_assultRifle.anim using Guid(956aaf97ef740c6448e88de27165c9f7) Importer(815301076,1909f56bfc062723c751e8b465ee728b)  -> (artifact id: '6285b28c69596ff156f26b880c0ba42e') in 0.008779 seconds 
  Import took 0.014627 seconds .

========================================================================
Received Import Request.
  Time since last request: 1.660795 seconds.
  path: Assets/baponkar_Third_Person_Shooter/weapon_Animation_Clip/weapon_anim_pistol_2 1.anim
  artifactKey: Guid(ad76c1519a45ce341b62a07486740524) Importer(815301076,1909f56bfc062723c751e8b465ee728b)
Start importing Assets/baponkar_Third_Person_Shooter/weapon_Animation_Clip/weapon_anim_pistol_2 1.anim using Guid(ad76c1519a45ce341b62a07486740524) Importer(815301076,1909f56bfc062723c751e8b465ee728b)  -> (artifact id: '15e6a546f15e1f45e3874a7894c8936a') in 0.008712 seconds 
  Import took 0.014014 seconds .

========================================================================
Received Import Request.
  Time since last request: 0.028796 seconds.
  path: Assets/baponkar_Third_Person_Shooter/weapon_Animation_Clip/weapon_anim_pistol_2 1.anim
  artifactKey: Guid(ad76c1519a45ce341b62a07486740524) Importer(815301076,1909f56bfc062723c751e8b465ee728b)
Start importing Assets/baponkar_Third_Person_Shooter/weapon_Animation_Clip/weapon_anim_pistol_2 1.anim using Guid(ad76c1519a45ce341b62a07486740524) Importer(815301076,1909f56bfc062723c751e8b465ee728b)  -> (artifact id: '15e6a546f15e1f45e3874a7894c8936a') in 0.003339 seconds 
  Import took 0.009737 seconds .

========================================================================
Received Import Request.
  Time since last request: 2.943363 seconds.
  path: Assets/baponkar_Third_Person_Shooter/weapon_Animation_Clip/weapon_anim_pistol.anim
  artifactKey: Guid(ad76c1519a45ce341b62a07486740524) Importer(815301076,1909f56bfc062723c751e8b465ee728b)
Start importing Assets/baponkar_Third_Person_Shooter/weapon_Animation_Clip/weapon_anim_pistol.anim using Guid(ad76c1519a45ce341b62a07486740524) Importer(815301076,1909f56bfc062723c751e8b465ee728b)  -> (artifact id: '9e468daba1d0c06f57bf2aa53647da4a') in 0.008557 seconds 
  Import took 0.014662 seconds .

========================================================================
Received Import Request.
  Time since last request: 1.441952 seconds.
  path: Assets/baponkar_Third_Person_Shooter/weapon_Animation_Clip/weapon_anim_unarmed_2 1.anim
  artifactKey: Guid(a6cd413f875c03b45977e8cd0e981512) Importer(815301076,1909f56bfc062723c751e8b465ee728b)
Start importing Assets/baponkar_Third_Person_Shooter/weapon_Animation_Clip/weapon_anim_unarmed_2 1.anim using Guid(a6cd413f875c03b45977e8cd0e981512) Importer(815301076,1909f56bfc062723c751e8b465ee728b)  -> (artifact id: '31e37090234421870a95b85d8c356adf') in 0.008446 seconds 
  Import took 0.014014 seconds .

========================================================================
Received Import Request.
  Time since last request: 0.000693 seconds.
  path: Assets/baponkar_Third_Person_Shooter/weapon_Animation_Clip/weapon_anim_unarmed_2 1.anim
  artifactKey: Guid(a6cd413f875c03b45977e8cd0e981512) Importer(815301076,1909f56bfc062723c751e8b465ee728b)
Start importing Assets/baponkar_Third_Person_Shooter/weapon_Animation_Clip/weapon_anim_unarmed_2 1.anim using Guid(a6cd413f875c03b45977e8cd0e981512) Importer(815301076,1909f56bfc062723c751e8b465ee728b)  -> (artifact id: '31e37090234421870a95b85d8c356adf') in 0.003455 seconds 
  Import took 0.010002 seconds .

========================================================================
Received Import Request.
  Time since last request: 3.149959 seconds.
  path: Assets/baponkar_Third_Person_Shooter/weapon_Animation_Clip/weapon_anim_unarmed.anim
  artifactKey: Guid(a6cd413f875c03b45977e8cd0e981512) Importer(815301076,1909f56bfc062723c751e8b465ee728b)
Start importing Assets/baponkar_Third_Person_Shooter/weapon_Animation_Clip/weapon_anim_unarmed.anim using Guid(a6cd413f875c03b45977e8cd0e981512) Importer(815301076,1909f56bfc062723c751e8b465ee728b)  -> (artifact id: '2ff3f2ccd9a69f55d76b848b49a9da40') in 0.002258 seconds 
  Import took 0.009021 seconds .

========================================================================
Received Import Request.
  Time since last request: 2.016009 seconds.
  path: Assets/baponkar_Third_Person_Shooter/weapon_Animation_Clip/weapon_recoil_pistol_2 1.anim
  artifactKey: Guid(48b72b1f2c85e894eb4a8858732045c4) Importer(815301076,1909f56bfc062723c751e8b465ee728b)
Start importing Assets/baponkar_Third_Person_Shooter/weapon_Animation_Clip/weapon_recoil_pistol_2 1.anim using Guid(48b72b1f2c85e894eb4a8858732045c4) Importer(815301076,1909f56bfc062723c751e8b465ee728b)  -> (artifact id: 'e900334c05904e8ab77044ccd1e78000') in 0.007325 seconds 
  Import took 0.036936 seconds .

========================================================================
Received Import Request.
  Time since last request: 2.967723 seconds.
  path: Assets/baponkar_Third_Person_Shooter/weapon_Animation_Clip/weapon_recoil_pistol.anim
  artifactKey: Guid(48b72b1f2c85e894eb4a8858732045c4) Importer(815301076,1909f56bfc062723c751e8b465ee728b)
Start importing Assets/baponkar_Third_Person_Shooter/weapon_Animation_Clip/weapon_recoil_pistol.anim using Guid(48b72b1f2c85e894eb4a8858732045c4) Importer(815301076,1909f56bfc062723c751e8b465ee728b)  -> (artifact id: 'dfa5956f61a8e6776b0da263d51a979c') in 0.007313 seconds 
  Import took 0.013523 seconds .

========================================================================
Received Import Request.
  Time since last request: 2.099865 seconds.
  path: Assets/baponkar_Third_Person_Shooter/weapon_Animation_Clip/weapon_recoil_rifle_2 1.anim
  artifactKey: Guid(7dc91917f01970b43bf6bf0b65ee97a9) Importer(815301076,1909f56bfc062723c751e8b465ee728b)
Start importing Assets/baponkar_Third_Person_Shooter/weapon_Animation_Clip/weapon_recoil_rifle_2 1.anim using Guid(7dc91917f01970b43bf6bf0b65ee97a9) Importer(815301076,1909f56bfc062723c751e8b465ee728b)  -> (artifact id: '2c45f5a5c8f4a1cbee0f9ed43f5cc279') in 0.009502 seconds 
  Import took 0.018312 seconds .

========================================================================
Received Import Request.
  Time since last request: 0.001211 seconds.
  path: Assets/baponkar_Third_Person_Shooter/weapon_Animation_Clip/weapon_recoil_rifle_2 1.anim
  artifactKey: Guid(7dc91917f01970b43bf6bf0b65ee97a9) Importer(815301076,1909f56bfc062723c751e8b465ee728b)
Start importing Assets/baponkar_Third_Person_Shooter/weapon_Animation_Clip/weapon_recoil_rifle_2 1.anim using Guid(7dc91917f01970b43bf6bf0b65ee97a9) Importer(815301076,1909f56bfc062723c751e8b465ee728b)  -> (artifact id: '2c45f5a5c8f4a1cbee0f9ed43f5cc279') in 0.003217 seconds 
  Import took 0.009304 seconds .

========================================================================
Received Import Request.
  Time since last request: 2.900136 seconds.
  path: Assets/baponkar_Third_Person_Shooter/weapon_Animation_Clip/weapon_recoil_rifle.anim
  artifactKey: Guid(7dc91917f01970b43bf6bf0b65ee97a9) Importer(815301076,1909f56bfc062723c751e8b465ee728b)
Start importing Assets/baponkar_Third_Person_Shooter/weapon_Animation_Clip/weapon_recoil_rifle.anim using Guid(7dc91917f01970b43bf6bf0b65ee97a9) Importer(815301076,1909f56bfc062723c751e8b465ee728b)  -> (artifact id: 'ccbe4604653a9bacb66fa57fcec7a3c2') in 0.003338 seconds 
  Import took 0.010761 seconds .

========================================================================
Received Import Request.
  Time since last request: 1.569733 seconds.
  path: Assets/baponkar_Third_Person_Shooter/weapon_Animation_Clip/weapon_sprinting_pistol_2 1.anim
  artifactKey: Guid(983134ec4ab59a8449eab1f57b8f2936) Importer(815301076,1909f56bfc062723c751e8b465ee728b)
Start importing Assets/baponkar_Third_Person_Shooter/weapon_Animation_Clip/weapon_sprinting_pistol_2 1.anim using Guid(983134ec4ab59a8449eab1f57b8f2936) Importer(815301076,1909f56bfc062723c751e8b465ee728b)  -> (artifact id: 'c316bcf134bdb0bdca4c7e1420b8cf02') in 0.008321 seconds 
  Import took 0.013942 seconds .

========================================================================
Received Import Request.
  Time since last request: 0.006723 seconds.
  path: Assets/baponkar_Third_Person_Shooter/weapon_Animation_Clip/weapon_sprinting_pistol_2 1.anim
  artifactKey: Guid(983134ec4ab59a8449eab1f57b8f2936) Importer(815301076,1909f56bfc062723c751e8b465ee728b)
Start importing Assets/baponkar_Third_Person_Shooter/weapon_Animation_Clip/weapon_sprinting_pistol_2 1.anim using Guid(983134ec4ab59a8449eab1f57b8f2936) Importer(815301076,1909f56bfc062723c751e8b465ee728b)  -> (artifact id: 'c316bcf134bdb0bdca4c7e1420b8cf02') in 0.003506 seconds 
  Import took 0.009752 seconds .

========================================================================
Received Import Request.
  Time since last request: 2.991887 seconds.
  path: Assets/baponkar_Third_Person_Shooter/weapon_Animation_Clip/weapon_sprinting_pistol.anim
  artifactKey: Guid(983134ec4ab59a8449eab1f57b8f2936) Importer(815301076,1909f56bfc062723c751e8b465ee728b)
Start importing Assets/baponkar_Third_Person_Shooter/weapon_Animation_Clip/weapon_sprinting_pistol.anim using Guid(983134ec4ab59a8449eab1f57b8f2936) Importer(815301076,1909f56bfc062723c751e8b465ee728b)  -> (artifact id: '35b7a09b334e8a0f743a2716ecdaf6b2') in 0.006629 seconds 
  Import took 0.012902 seconds .

========================================================================
Received Import Request.
  Time since last request: 1.655350 seconds.
  path: Assets/baponkar_Third_Person_Shooter/weapon_Animation_Clip/weapon_sprinting_rifle_2 1.anim
  artifactKey: Guid(89f5b0268ad6c4c4e8e7a7ead1d8edc3) Importer(815301076,1909f56bfc062723c751e8b465ee728b)
Start importing Assets/baponkar_Third_Person_Shooter/weapon_Animation_Clip/weapon_sprinting_rifle_2 1.anim using Guid(89f5b0268ad6c4c4e8e7a7ead1d8edc3) Importer(815301076,1909f56bfc062723c751e8b465ee728b)  -> (artifact id: 'cccfd4ff6db195d3fa59c4331d451f8d') in 0.007370 seconds 
  Import took 0.013633 seconds .

========================================================================
Received Import Request.
  Time since last request: 0.004580 seconds.
  path: Assets/baponkar_Third_Person_Shooter/weapon_Animation_Clip/weapon_sprinting_rifle_2 1.anim
  artifactKey: Guid(89f5b0268ad6c4c4e8e7a7ead1d8edc3) Importer(815301076,1909f56bfc062723c751e8b465ee728b)
Start importing Assets/baponkar_Third_Person_Shooter/weapon_Animation_Clip/weapon_sprinting_rifle_2 1.anim using Guid(89f5b0268ad6c4c4e8e7a7ead1d8edc3) Importer(815301076,1909f56bfc062723c751e8b465ee728b)  -> (artifact id: 'cccfd4ff6db195d3fa59c4331d451f8d') in 0.002443 seconds 
  Import took 0.009560 seconds .

========================================================================
Received Import Request.
  Time since last request: 2.814255 seconds.
  path: Assets/baponkar_Third_Person_Shooter/weapon_Animation_Clip/weapon_sprinting_rifle.anim
  artifactKey: Guid(89f5b0268ad6c4c4e8e7a7ead1d8edc3) Importer(815301076,1909f56bfc062723c751e8b465ee728b)
Start importing Assets/baponkar_Third_Person_Shooter/weapon_Animation_Clip/weapon_sprinting_rifle.anim using Guid(89f5b0268ad6c4c4e8e7a7ead1d8edc3) Importer(815301076,1909f56bfc062723c751e8b465ee728b)  -> (artifact id: 'a659f7f1f83ecd709291df49c20d8169') in 0.032019 seconds 
  Import took 0.040249 seconds .

========================================================================
Received Import Request.
  Time since last request: 39.973854 seconds.
  path: Assets/baponkar_Third_Person_Shooter/weapon_Animation_Clip/Rig_Controller_3.controller
  artifactKey: Guid(a6b688a29867a364db3d75dc45db5cde) Importer(815301076,1909f56bfc062723c751e8b465ee728b)
Start importing Assets/baponkar_Third_Person_Shooter/weapon_Animation_Clip/Rig_Controller_3.controller using Guid(a6b688a29867a364db3d75dc45db5cde) Importer(815301076,1909f56bfc062723c751e8b465ee728b)  -> (artifact id: '3cc5828d609020addfc05ca2eb725271') in 0.010617 seconds 
  Import took 0.015811 seconds .

========================================================================
Received Import Request.
  Time since last request: 24.833749 seconds.
  path: Assets/baponkar_Third_Person_Shooter/weapon_Animation_Clip/Rig_Controller.controller
  artifactKey: Guid(a6b688a29867a364db3d75dc45db5cde) Importer(815301076,1909f56bfc062723c751e8b465ee728b)
Start importing Assets/baponkar_Third_Person_Shooter/weapon_Animation_Clip/Rig_Controller.controller using Guid(a6b688a29867a364db3d75dc45db5cde) Importer(815301076,1909f56bfc062723c751e8b465ee728b)  -> (artifact id: '72232e885485bceb71af838de464b96b') in 0.008117 seconds 
  Import took 0.013877 seconds .

========================================================================
Received Prepare
Registering precompiled user dll's ...
Registered in 0.002038 seconds.
Begin MonoManager ReloadAssembly
Native extension for Lumin target not found
Native extension for LinuxStandalone target not found
Native extension for WindowsStandalone target not found
Native extension for OSXStandalone target not found
Native extension for WebGL target not found
Refreshing native plugins compatible for Editor in 0.88 ms, found 4 plugins.
Preloading 0 native plugins for Editor in 0.00 ms.
Mono: successfully reloaded assembly
- Completed reload, in  1.145 seconds
Domain Reload Profiling:
	ReloadAssembly (1146ms)
		BeginReloadAssembly (146ms)
			ExecutionOrderSort (0ms)
			DisableScriptedObjects (6ms)
			BackupInstance (0ms)
			ReleaseScriptingObjects (0ms)
			CreateAndSetChildDomain (54ms)
		EndReloadAssembly (933ms)
			LoadAssemblies (92ms)
			RebuildTransferFunctionScriptingTraits (0ms)
			SetupTypeCache (272ms)
			ReleaseScriptCaches (1ms)
			RebuildScriptCaches (45ms)
			SetupLoadedEditorAssemblies (404ms)
				LogAssemblyErrors (0ms)
				InitializePlatformSupportModulesInManaged (18ms)
				SetLoadedEditorAssemblies (0ms)
				RefreshPlugins (1ms)
				BeforeProcessingInitializeOnLoad (91ms)
				ProcessInitializeOnLoadAttributes (283ms)
				ProcessInitializeOnLoadMethodAttributes (6ms)
				AfterProcessingInitializeOnLoad (4ms)
				EditorAssembliesLoaded (0ms)
			ExecutionOrderSort2 (0ms)
			AwakeInstancesAfterBackupRestoration (9ms)
Platform modules already initialized, skipping
Refreshing native plugins compatible for Editor in 0.80 ms, found 4 plugins.
Preloading 0 native plugins for Editor in 0.00 ms.
Unloading 2701 Unused Serialized files (Serialized files now loaded: 0)
System memory in use before: 210.8 MB.
System memory in use after: 211.1 MB.

Unloading 20 unused Assets to reduce memory usage. Loaded Objects now: 3249.
Total: 5.612700 ms (FindLiveObjects: 0.332800 ms CreateObjectMapping: 0.188600 ms MarkObjects: 5.004600 ms  DeleteObjects: 0.082600 ms)

AssetImportParameters requested are different than current active one (requested -> active):
  custom:framework-win-MediaFoundation: 216162199b28c13a410421893ffa2e32 -> 
  custom:video-decoder-ogg-theora: a1e56fd34408186e4bbccfd4996cb3dc -> 
  custom:container-muxer-webm: aa71ff27fc2769a1b78a27578f13a17b -> 
  custom:container-demuxer-webm: 4f35f7cbe854078d1ac9338744f61a02 -> 
  custom:container-demuxer-ogg: 62fdf1f143b41e24485cea50d1cbac27 -> 
  custom:video-encoder-webm-vp8: eb34c28f22e8b96e1ab97ce403110664 -> 
  custom:video-codec-MediaFoundation-h265: 746d11721c4dcdbdad8f713fa42b33f4 -> 
  custom:video-decoder-webm-vp8: 9c59270c3fd7afecdb556c50c9e8de78 -> 
  custom:audio-decoder-ogg-vorbis: bf7c407c2cedff20999df2af8eb42d56 -> 
  custom:audio-encoder-webm-vorbis: bf7c407c2cedff20999df2af8eb42d56 -> 
========================================================================
Received Import Request.
  Time since last request: 1243.208699 seconds.
  path: Assets/baponkar_Third_Person_Shooter/Prefabs/Player.prefab
  artifactKey: Guid(fd8e352fd24064547b1501935345b41c) Importer(815301076,1909f56bfc062723c751e8b465ee728b)
Start importing Assets/baponkar_Third_Person_Shooter/Prefabs/Player.prefab using Guid(fd8e352fd24064547b1501935345b41c) Importer(815301076,1909f56bfc062723c751e8b465ee728b)  -> (artifact id: '541d9330899011b6ba77082af2679351') in 0.230150 seconds 
  Import took 0.238695 seconds .

========================================================================
Received Prepare
Registering precompiled user dll's ...
Registered in 0.002545 seconds.
Begin MonoManager ReloadAssembly
Native extension for Lumin target not found
Native extension for LinuxStandalone target not found
Native extension for WindowsStandalone target not found
Native extension for OSXStandalone target not found
Native extension for WebGL target not found
Refreshing native plugins compatible for Editor in 1.03 ms, found 4 plugins.
Preloading 0 native plugins for Editor in 0.00 ms.
Mono: successfully reloaded assembly
- Completed reload, in  1.276 seconds
Domain Reload Profiling:
	ReloadAssembly (1276ms)
		BeginReloadAssembly (107ms)
			ExecutionOrderSort (0ms)
			DisableScriptedObjects (7ms)
			BackupInstance (0ms)
			ReleaseScriptingObjects (0ms)
			CreateAndSetChildDomain (34ms)
		EndReloadAssembly (1098ms)
			LoadAssemblies (91ms)
			RebuildTransferFunctionScriptingTraits (0ms)
			SetupTypeCache (313ms)
			ReleaseScriptCaches (1ms)
			RebuildScriptCaches (60ms)
			SetupLoadedEditorAssemblies (472ms)
				LogAssemblyErrors (0ms)
				InitializePlatformSupportModulesInManaged (22ms)
				SetLoadedEditorAssemblies (1ms)
				RefreshPlugins (1ms)
				BeforeProcessingInitializeOnLoad (110ms)
				ProcessInitializeOnLoadAttributes (325ms)
				ProcessInitializeOnLoadMethodAttributes (8ms)
				AfterProcessingInitializeOnLoad (5ms)
				EditorAssembliesLoaded (0ms)
			ExecutionOrderSort2 (0ms)
			AwakeInstancesAfterBackupRestoration (11ms)
Platform modules already initialized, skipping
Refreshing native plugins compatible for Editor in 0.91 ms, found 4 plugins.
Preloading 0 native plugins for Editor in 0.00 ms.
Unloading 2701 Unused Serialized files (Serialized files now loaded: 0)
System memory in use before: 214.0 MB.
System memory in use after: 214.2 MB.

Unloading 21 unused Assets to reduce memory usage. Loaded Objects now: 3272.
Total: 3.822300 ms (FindLiveObjects: 0.326900 ms CreateObjectMapping: 0.161400 ms MarkObjects: 3.305300 ms  DeleteObjects: 0.027000 ms)

AssetImportParameters requested are different than current active one (requested -> active):
  custom:framework-win-MediaFoundation: 216162199b28c13a410421893ffa2e32 -> 
  custom:video-decoder-ogg-theora: a1e56fd34408186e4bbccfd4996cb3dc -> 
  custom:container-muxer-webm: aa71ff27fc2769a1b78a27578f13a17b -> 
  custom:container-demuxer-webm: 4f35f7cbe854078d1ac9338744f61a02 -> 
  custom:container-demuxer-ogg: 62fdf1f143b41e24485cea50d1cbac27 -> 
  custom:video-encoder-webm-vp8: eb34c28f22e8b96e1ab97ce403110664 -> 
  custom:video-codec-MediaFoundation-h265: 746d11721c4dcdbdad8f713fa42b33f4 -> 
  custom:video-decoder-webm-vp8: 9c59270c3fd7afecdb556c50c9e8de78 -> 
  custom:audio-decoder-ogg-vorbis: bf7c407c2cedff20999df2af8eb42d56 -> 
  custom:audio-encoder-webm-vorbis: bf7c407c2cedff20999df2af8eb42d56 -> 
========================================================================
Received Import Request.
  Time since last request: 7.134495 seconds.
  path: Assets/baponkar_Third_Person_Shooter/Prefabs/Player.prefab
  artifactKey: Guid(fd8e352fd24064547b1501935345b41c) Importer(815301076,1909f56bfc062723c751e8b465ee728b)
Start importing Assets/baponkar_Third_Person_Shooter/Prefabs/Player.prefab using Guid(fd8e352fd24064547b1501935345b41c) Importer(815301076,1909f56bfc062723c751e8b465ee728b)  -> (artifact id: '789ec81533845534a29bc315e9007a64') in 0.245022 seconds 
  Import took 0.253242 seconds .

========================================================================
Received Prepare
Registering precompiled user dll's ...
Registered in 0.003340 seconds.
Begin MonoManager ReloadAssembly
Native extension for Lumin target not found
Native extension for LinuxStandalone target not found
Native extension for WindowsStandalone target not found
Native extension for OSXStandalone target not found
Native extension for WebGL target not found
Refreshing native plugins compatible for Editor in 1.11 ms, found 4 plugins.
Preloading 0 native plugins for Editor in 0.00 ms.
Mono: successfully reloaded assembly
- Completed reload, in  1.652 seconds
Domain Reload Profiling:
	ReloadAssembly (1653ms)
		BeginReloadAssembly (152ms)
			ExecutionOrderSort (0ms)
			DisableScriptedObjects (9ms)
			BackupInstance (0ms)
			ReleaseScriptingObjects (0ms)
			CreateAndSetChildDomain (51ms)
		EndReloadAssembly (1412ms)
			LoadAssemblies (128ms)
			RebuildTransferFunctionScriptingTraits (0ms)
			SetupTypeCache (420ms)
			ReleaseScriptCaches (1ms)
			RebuildScriptCaches (75ms)
			SetupLoadedEditorAssemblies (579ms)
				LogAssemblyErrors (0ms)
				InitializePlatformSupportModulesInManaged (26ms)
				SetLoadedEditorAssemblies (1ms)
				RefreshPlugins (1ms)
				BeforeProcessingInitializeOnLoad (135ms)
				ProcessInitializeOnLoadAttributes (394ms)
				ProcessInitializeOnLoadMethodAttributes (15ms)
				AfterProcessingInitializeOnLoad (8ms)
				EditorAssembliesLoaded (0ms)
			ExecutionOrderSort2 (0ms)
			AwakeInstancesAfterBackupRestoration (15ms)
Platform modules already initialized, skipping
Refreshing native plugins compatible for Editor in 0.99 ms, found 4 plugins.
Preloading 0 native plugins for Editor in 0.00 ms.
Unloading 2701 Unused Serialized files (Serialized files now loaded: 0)
System memory in use before: 214.0 MB.
System memory in use after: 214.3 MB.

Unloading 21 unused Assets to reduce memory usage. Loaded Objects now: 3289.
Total: 3.868000 ms (FindLiveObjects: 0.375400 ms CreateObjectMapping: 0.216500 ms MarkObjects: 3.236700 ms  DeleteObjects: 0.037800 ms)

AssetImportParameters requested are different than current active one (requested -> active):
  custom:framework-win-MediaFoundation: 216162199b28c13a410421893ffa2e32 -> 
  custom:video-decoder-ogg-theora: a1e56fd34408186e4bbccfd4996cb3dc -> 
  custom:container-muxer-webm: aa71ff27fc2769a1b78a27578f13a17b -> 
  custom:container-demuxer-webm: 4f35f7cbe854078d1ac9338744f61a02 -> 
  custom:container-demuxer-ogg: 62fdf1f143b41e24485cea50d1cbac27 -> 
  custom:video-encoder-webm-vp8: eb34c28f22e8b96e1ab97ce403110664 -> 
  custom:video-codec-MediaFoundation-h265: 746d11721c4dcdbdad8f713fa42b33f4 -> 
  custom:video-decoder-webm-vp8: 9c59270c3fd7afecdb556c50c9e8de78 -> 
  custom:audio-decoder-ogg-vorbis: bf7c407c2cedff20999df2af8eb42d56 -> 
  custom:audio-encoder-webm-vorbis: bf7c407c2cedff20999df2af8eb42d56 -> 
AssetImportWorkerClient::OnTransportError - code=2 error=End of file
