
=== Mon Dec  2 09:27:19 2019

Packages were changed.
Update Mode: updateDependencies

The following packages were updated:
  com.unity.ide.vscode from version 1.1.0 to 1.1.3
  com.unity.postprocessing from version 2.1.7 to 2.2.1
  com.unity.probuilder from version 4.0.5 to 4.1.0
  com.unity.test-framework from version 1.0.18 to 1.1.3
The following packages were removed:
  com.unity.package-manager-ui@2.2.0

=== Wed May  4 15:16:41 2022

Packages were changed.
Update Mode: updateDependencies

The following packages were added:
  com.unity.ide.visualstudio@2.0.9
The following packages were updated:
  com.unity.analytics from version 3.3.4 to 3.5.3
  com.unity.cinemachine from version 2.4.0-preview.8 to 2.5.0
  com.unity.ext.nunit from version 1.0.0 to 1.0.6
  com.unity.ide.vscode from version 1.1.3 to 1.2.3
  com.unity.inputsystem from version 1.0.0-preview.3 to 1.0.2
  com.unity.postprocessing from version 2.2.2 to 2.3.0
  com.unity.test-framework from version 1.1.8 to 1.1.27
  com.unity.xr.legacyinputhelpers from version 1.3.8 to 2.1.7

=== Tue May 24 19:20:04 2022

Packages were changed.
Update Mode: mergeDefaultDependencies

The following packages were added:
  com.unity.ide.rider@1.2.1
  com.unity.progrids@3.0.3-preview.4
  com.unity.textmeshpro@3.0.0-preview.1
  com.unity.timeline@1.2.10

=== Fri Jun  3 02:01:14 2022

Packages were changed.
Update Mode: mergeDefaultDependencies

The following packages were added:
  com.unity.collab-proxy@1.3.9
The following packages were updated:
  com.unity.ide.rider from version 1.2.1 to 2.0.7
  com.unity.textmeshpro from version 3.0.0-preview.1 to 3.0.1
  com.unity.timeline from version 1.2.10 to 1.4.5
